This file contains any messages produced by compilers while
running configure, to aid debugging if configure makes a mistake.

It was created by mesos configure 0.23.0, which was
generated by GNU Autoconf 2.69.  Invocation command line was

  $ ../configure --disable-python

## --------- ##
## Platform. ##
## --------- ##

hostname = brickfruit.corp.microsoft.com
uname -m = x86_64
uname -r = 14.1.0
uname -s = Darwin
uname -v = Darwin Kernel Version 14.1.0: Thu Feb 26 19:26:47 PST 2015; root:xnu-2782.10.73~1/RELEASE_X86_64

/usr/bin/uname -p = i386
/bin/uname -X     = unknown

/bin/arch              = unknown
/usr/bin/arch -k       = unknown
/usr/convex/getsysinfo = unknown
/usr/bin/hostinfo      = Mach kernel version:
	 Darwin Kernel Version 14.1.0: Thu Feb 26 19:26:47 PST 2015; root:xnu-2782.10.73~1/RELEASE_X86_64
Kernel configured for up to 8 processors.
4 processors are physically available.
8 processors are logically available.
Processor type: x86_64h (Intel x86-64h Haswell)
Processors active: 0 1 2 3 4 5 6 7
Primary memory available: 16.00 gigabytes
Default processor set: 293 tasks, 1927 threads, 8 processors
Load average: 2.18, Mach factor: 5.80
/bin/machine           = unknown
/usr/bin/oslevel       = unknown
/bin/universe          = unknown

PATH: /Users/alex/src/google-cloud-sdk/bin
PATH: /usr/local/bin
PATH: /usr/bin
PATH: /bin
PATH: /usr/sbin
PATH: /sbin


## ----------- ##
## Core tests. ##
## ----------- ##

configure:2535: checking build system type
configure:2549: result: x86_64-apple-darwin14.1.0
configure:2569: checking host system type
configure:2582: result: x86_64-apple-darwin14.1.0
configure:2603: checking target system type
configure:2616: result: x86_64-apple-darwin14.1.0
configure:2702: checking for a BSD-compatible install
configure:2770: result: /usr/bin/install -c
configure:2781: checking whether build environment is sane
configure:2836: result: yes
configure:2987: checking for a thread-safe mkdir -p
configure:3026: result: ../install-sh -c -d
configure:3033: checking for gawk
configure:3063: result: no
configure:3033: checking for mawk
configure:3063: result: no
configure:3033: checking for nawk
configure:3063: result: no
configure:3033: checking for awk
configure:3049: found /usr/bin/awk
configure:3060: result: awk
configure:3071: checking whether make sets $(MAKE)
configure:3093: result: yes
configure:3122: checking whether make supports nested variables
configure:3139: result: yes
configure:3279: checking for style of include used by make
configure:3307: result: GNU
configure:3378: checking for gcc
configure:3394: found /usr/bin/gcc
configure:3405: result: gcc
configure:3634: checking for C compiler version
configure:3643: gcc --version >&5
gcc (Homebrew gcc 4.9.2_1) 4.9.2
Copyright (C) 2014 Free Software Foundation, Inc.
This is free software; see the source for copying conditions.  There is NO
warranty; not even for MERCHANTABILITY or FITNESS FOR A PARTICULAR PURPOSE.

configure:3654: $? = 0
configure:3643: gcc -v >&5
Using built-in specs.
COLLECT_GCC=gcc
COLLECT_LTO_WRAPPER=/usr/local/Cellar/gcc/4.9.2_1/libexec/gcc/x86_64-apple-darwin14.0.0/4.9.2/lto-wrapper
Target: x86_64-apple-darwin14.0.0
Configured with: ../configure --build=x86_64-apple-darwin14.0.0 --prefix=/usr/local/Cellar/gcc/4.9.2_1 --libdir=/usr/local/Cellar/gcc/4.9.2_1/lib/gcc/4.9 --enable-languages=c,c++,objc,obj-c++,fortran --program-suffix=-4.9 --with-gmp=/usr/local/opt/gmp --with-mpfr=/usr/local/opt/mpfr --with-mpc=/usr/local/opt/libmpc --with-cloog=/usr/local/opt/cloog --with-isl=/usr/local/opt/isl --with-system-zlib --enable-libstdcxx-time=yes --enable-stage1-checking --enable-checking=release --enable-lto --disable-werror --with-pkgversion='Homebrew gcc 4.9.2_1' --with-bugurl=https://github.com/Homebrew/homebrew/issues --enable-plugin --disable-nls --enable-multilib
Thread model: posix
gcc version 4.9.2 (Homebrew gcc 4.9.2_1) 
configure:3654: $? = 0
configure:3643: gcc -V >&5
gcc: error: unrecognized command line option '-V'
gcc: fatal error: no input files
compilation terminated.
configure:3654: $? = 1
configure:3643: gcc -qversion >&5
gcc: error: unrecognized command line option '-qversion'
gcc: fatal error: no input files
compilation terminated.
configure:3654: $? = 1
configure:3674: checking whether the C compiler works
configure:3696: gcc    conftest.c  >&5
configure:3700: $? = 0
configure:3748: result: yes
configure:3751: checking for C compiler default output file name
configure:3753: result: a.out
configure:3759: checking for suffix of executables
configure:3766: gcc -o conftest    conftest.c  >&5
configure:3770: $? = 0
configure:3792: result: 
configure:3814: checking whether we are cross compiling
configure:3822: gcc -o conftest    conftest.c  >&5
configure:3826: $? = 0
configure:3833: ./conftest
configure:3837: $? = 0
configure:3852: result: no
configure:3857: checking for suffix of object files
configure:3879: gcc -c   conftest.c >&5
configure:3883: $? = 0
configure:3904: result: o
configure:3908: checking whether we are using the GNU C compiler
configure:3927: gcc -c   conftest.c >&5
configure:3927: $? = 0
configure:3936: result: yes
configure:3945: checking whether gcc accepts -g
configure:3965: gcc -c -g  conftest.c >&5
configure:3965: $? = 0
configure:4006: result: yes
configure:4023: checking for gcc option to accept ISO C89
configure:4086: gcc  -c -g -O2  conftest.c >&5
configure:4086: $? = 0
configure:4099: result: none needed
configure:4124: checking whether gcc understands -c and -o together
configure:4146: gcc -c conftest.c -o conftest2.o
configure:4149: $? = 0
configure:4146: gcc -c conftest.c -o conftest2.o
configure:4149: $? = 0
configure:4161: result: yes
configure:4180: checking dependency style of gcc
configure:4291: result: gcc3
configure:4356: checking for ar
configure:4372: found /usr/bin/ar
configure:4383: result: ar
configure:4409: checking the archiver (ar) interface
configure:4425: gcc -c -g -O2  conftest.c >&5
configure:4425: $? = 0
configure:4427: ar cru libconftest.a conftest.o >&5
configure:4430: $? = 0
configure:4458: result: ar
configure:4528: checking how to print strings
configure:4555: result: printf
configure:4576: checking for a sed that does not truncate output
configure:4640: result: /usr/bin/sed
configure:4658: checking for grep that handles long lines and -e
configure:4716: result: /usr/bin/grep
configure:4721: checking for egrep
configure:4783: result: /usr/bin/grep -E
configure:4788: checking for fgrep
configure:4850: result: /usr/bin/grep -F
configure:4885: checking for ld used by gcc
configure:4952: result: /usr/bin/ld
configure:4959: checking if the linker (/usr/bin/ld) is GNU ld
configure:4974: result: no
configure:4986: checking for BSD- or MS-compatible name lister (nm)
configure:5040: result: /usr/bin/nm
configure:5170: checking the name lister (/usr/bin/nm) interface
configure:5177:  -c   conftest.cpp >&5
../configure: line 5178: -c: command not found
configure:5180: /usr/bin/nm "conftest.o"
error: /Library/Developer/CommandLineTools/usr/bin/nm: can't open file: conftest.o (No such file or directory)
configure:5183: output
configure:5190: result: BSD nm
configure:5193: checking whether ln -s works
configure:5197: result: yes
configure:5205: checking the maximum length of command line arguments
configure:5336: result: 196608
configure:5384: checking how to convert x86_64-apple-darwin14.1.0 file names to x86_64-apple-darwin14.1.0 format
configure:5424: result: func_convert_file_noop
configure:5431: checking how to convert x86_64-apple-darwin14.1.0 file names to toolchain format
configure:5451: result: func_convert_file_noop
configure:5458: checking for /usr/bin/ld option to reload object files
configure:5465: result: -r
configure:5539: checking for objdump
configure:5569: result: no
configure:5598: checking how to recognize dependent libraries
configure:5798: result: pass_all
configure:5883: checking for dlltool
configure:5913: result: no
configure:5943: checking how to associate runtime and link libraries
configure:5970: result: printf %s\n
configure:6039: checking for g++
configure:6055: found /usr/bin/g++
configure:6066: result: g++
configure:6093: checking for C++ compiler version
configure:6102: g++ --version >&5
g++ (Homebrew gcc 4.9.2_1) 4.9.2
Copyright (C) 2014 Free Software Foundation, Inc.
This is free software; see the source for copying conditions.  There is NO
warranty; not even for MERCHANTABILITY or FITNESS FOR A PARTICULAR PURPOSE.

configure:6113: $? = 0
configure:6102: g++ -v >&5
Using built-in specs.
COLLECT_GCC=g++
COLLECT_LTO_WRAPPER=/usr/local/Cellar/gcc/4.9.2_1/libexec/gcc/x86_64-apple-darwin14.0.0/4.9.2/lto-wrapper
Target: x86_64-apple-darwin14.0.0
Configured with: ../configure --build=x86_64-apple-darwin14.0.0 --prefix=/usr/local/Cellar/gcc/4.9.2_1 --libdir=/usr/local/Cellar/gcc/4.9.2_1/lib/gcc/4.9 --enable-languages=c,c++,objc,obj-c++,fortran --program-suffix=-4.9 --with-gmp=/usr/local/opt/gmp --with-mpfr=/usr/local/opt/mpfr --with-mpc=/usr/local/opt/libmpc --with-cloog=/usr/local/opt/cloog --with-isl=/usr/local/opt/isl --with-system-zlib --enable-libstdcxx-time=yes --enable-stage1-checking --enable-checking=release --enable-lto --disable-werror --with-pkgversion='Homebrew gcc 4.9.2_1' --with-bugurl=https://github.com/Homebrew/homebrew/issues --enable-plugin --disable-nls --enable-multilib
Thread model: posix
gcc version 4.9.2 (Homebrew gcc 4.9.2_1) 
configure:6113: $? = 0
configure:6102: g++ -V >&5
g++: error: unrecognized command line option '-V'
g++: fatal error: no input files
compilation terminated.
configure:6113: $? = 1
configure:6102: g++ -qversion >&5
g++: error: unrecognized command line option '-qversion'
g++: fatal error: no input files
compilation terminated.
configure:6113: $? = 1
configure:6117: checking whether we are using the GNU C++ compiler
configure:6136: g++ -c   conftest.cpp >&5
configure:6136: $? = 0
configure:6145: result: yes
configure:6154: checking whether g++ accepts -g
configure:6174: g++ -c -g  conftest.cpp >&5
configure:6174: $? = 0
configure:6215: result: yes
configure:6240: checking dependency style of g++
configure:6351: result: gcc3
configure:6480: checking for archiver @FILE support
configure:6497: g++ -c -g -O2  conftest.cpp >&5
configure:6497: $? = 0
configure:6500: ar cru libconftest.a @conftest.lst >&5
ar: @conftest.lst: No such file or directory
configure:6503: $? = 1
configure:6523: result: no
configure:6581: checking for strip
configure:6597: found /usr/bin/strip
configure:6608: result: strip
configure:6680: checking for ranlib
configure:6696: found /usr/bin/ranlib
configure:6707: result: ranlib
configure:6809: checking command to parse /usr/bin/nm output from gcc object
configure:6962: g++ -c -g -O2  conftest.cpp >&5
configure:6965: $? = 0
configure:6969: /usr/bin/nm conftest.o \| sed -n -e 's/^.*[ ]\([BCDEGRST][BCDEGRST]*\)[ ][ ]*\([_A-Za-z][_A-Za-z0-9]*\)$/\1 \2 \2/p' | sed '/ __gnu_lto/d' \> conftest.nm
configure:6972: $? = 0
cannot find nm_test_var in conftest.nm
configure:6962: g++ -c -g -O2  conftest.cpp >&5
configure:6965: $? = 0
configure:6969: /usr/bin/nm conftest.o \| sed -n -e 's/^.*[ ]\([BCDEGRST][BCDEGRST]*\)[ ][ ]*_\([_A-Za-z][_A-Za-z0-9]*\)$/\1 _\2 \2/p' | sed '/ __gnu_lto/d' \> conftest.nm
configure:6972: $? = 0
configure:7038: g++ -o conftest -g -O2   conftest.cpp conftstm.o >&5
configure:7041: $? = 0
configure:7079: result: ok
configure:7126: checking for sysroot
configure:7156: result: no
configure:7163: checking for a working dd
configure:7201: result: /bin/dd
configure:7205: checking how to truncate binary pipes
configure:7220: result: /bin/dd bs=4096 count=1
configure:7549: checking for mt
configure:7579: result: no
configure:7599: checking if : is a manifest tool
configure:7605: : '-?'
configure:7613: result: no
configure:7669: checking for dsymutil
configure:7685: found /usr/bin/dsymutil
configure:7696: result: dsymutil
configure:7761: checking for nmedit
configure:7777: found /usr/bin/nmedit
configure:7788: result: nmedit
configure:7853: checking for lipo
configure:7869: found /usr/bin/lipo
configure:7880: result: lipo
configure:7945: checking for otool
configure:7961: found /usr/bin/otool
configure:7972: result: otool
configure:8037: checking for otool64
configure:8067: result: no
configure:8112: checking for -single_module linker flag
gcc -g -O2  -o libconftest.dylib -dynamiclib -Wl,-single_module conftest.c
configure:8145: result: yes
configure:8148: checking for -exported_symbols_list linker flag
configure:8168: g++ -o conftest -g -O2   -Wl,-exported_symbols_list,conftest.sym conftest.cpp  >&5
configure:8168: $? = 0
configure:8178: result: yes
configure:8181: checking for -force_load linker flag
gcc -g -O2 -c -o conftest.o conftest.c
ar cru libconftest.a conftest.o
ranlib libconftest.a
gcc -g -O2  -o conftest conftest.c -Wl,-force_load,./libconftest.a
configure:8213: result: yes
configure:8290: checking how to run the C preprocessor
configure:8321: gcc -E  conftest.c
configure:8321: $? = 0
configure:8335: gcc -E  conftest.c
conftest.c:11:28: fatal error: ac_nonexistent.h: No such file or directory
 #include <ac_nonexistent.h>
                            ^
compilation terminated.
configure:8335: $? = 1
configure: failed program was:
| /* confdefs.h */
| #define PACKAGE_NAME "mesos"
| #define PACKAGE_TARNAME "mesos"
| #define PACKAGE_VERSION "0.23.0"
| #define PACKAGE_STRING "mesos 0.23.0"
| #define PACKAGE_BUGREPORT ""
| #define PACKAGE_URL ""
| #define PACKAGE "mesos"
| #define VERSION "0.23.0"
| /* end confdefs.h.  */
| #include <ac_nonexistent.h>
configure:8360: result: gcc -E
configure:8380: gcc -E  conftest.c
configure:8380: $? = 0
configure:8394: gcc -E  conftest.c
conftest.c:11:28: fatal error: ac_nonexistent.h: No such file or directory
 #include <ac_nonexistent.h>
                            ^
compilation terminated.
configure:8394: $? = 1
configure: failed program was:
| /* confdefs.h */
| #define PACKAGE_NAME "mesos"
| #define PACKAGE_TARNAME "mesos"
| #define PACKAGE_VERSION "0.23.0"
| #define PACKAGE_STRING "mesos 0.23.0"
| #define PACKAGE_BUGREPORT ""
| #define PACKAGE_URL ""
| #define PACKAGE "mesos"
| #define VERSION "0.23.0"
| /* end confdefs.h.  */
| #include <ac_nonexistent.h>
configure:8423: checking for ANSI C header files
configure:8443: gcc -c -g -O2  conftest.c >&5
configure:8443: $? = 0
configure:8516: gcc -o conftest -g -O2   conftest.c  >&5
configure:8516: $? = 0
configure:8516: ./conftest
configure:8516: $? = 0
configure:8527: result: yes
configure:8540: checking for sys/types.h
configure:8540: gcc -c -g -O2  conftest.c >&5
configure:8540: $? = 0
configure:8540: result: yes
configure:8540: checking for sys/stat.h
configure:8540: gcc -c -g -O2  conftest.c >&5
configure:8540: $? = 0
configure:8540: result: yes
configure:8540: checking for stdlib.h
configure:8540: gcc -c -g -O2  conftest.c >&5
configure:8540: $? = 0
configure:8540: result: yes
configure:8540: checking for string.h
configure:8540: gcc -c -g -O2  conftest.c >&5
configure:8540: $? = 0
configure:8540: result: yes
configure:8540: checking for memory.h
configure:8540: gcc -c -g -O2  conftest.c >&5
configure:8540: $? = 0
configure:8540: result: yes
configure:8540: checking for strings.h
configure:8540: gcc -c -g -O2  conftest.c >&5
configure:8540: $? = 0
configure:8540: result: yes
configure:8540: checking for inttypes.h
configure:8540: gcc -c -g -O2  conftest.c >&5
configure:8540: $? = 0
configure:8540: result: yes
configure:8540: checking for stdint.h
configure:8540: gcc -c -g -O2  conftest.c >&5
configure:8540: $? = 0
configure:8540: result: yes
configure:8540: checking for unistd.h
configure:8540: gcc -c -g -O2  conftest.c >&5
configure:8540: $? = 0
configure:8540: result: yes
configure:8554: checking for dlfcn.h
configure:8554: gcc -c -g -O2  conftest.c >&5
configure:8554: $? = 0
configure:8554: result: yes
configure:8790: checking for objdir
configure:8805: result: .libs
configure:9069: checking if gcc supports -fno-rtti -fno-exceptions
configure:9087: gcc -c -g -O2  -fno-rtti -fno-exceptions conftest.c >&5
cc1: warning: command line option '-fno-rtti' is valid for C++/ObjC++ but not for C
configure:9091: $? = 0
configure:9104: result: no
configure:9462: checking for gcc option to produce PIC
configure:9469: result: -fno-common -DPIC
configure:9477: checking if gcc PIC flag -fno-common -DPIC works
configure:9495: gcc -c -g -O2  -fno-common -DPIC -DPIC conftest.c >&5
configure:9499: $? = 0
configure:9512: result: yes
configure:9541: checking if gcc static flag -static works
configure:9569: result: no
configure:9584: checking if gcc supports -c -o file.o
configure:9605: gcc -c -g -O2  -o out/conftest2.o conftest.c >&5
configure:9609: $? = 0
configure:9631: result: yes
configure:9639: checking if gcc supports -c -o file.o
configure:9686: result: yes
configure:9719: checking whether the gcc linker (/usr/bin/ld) supports shared libraries
configure:10978: result: yes
configure:11218: checking dynamic linker characteristics
configure:12036: result: darwin14.1.0 dyld
configure:12158: checking how to hardcode library paths into programs
configure:12183: result: immediate
configure:12731: checking whether stripping libraries is possible
configure:12745: result: yes
configure:12771: checking if libtool supports shared libraries
configure:12773: result: yes
configure:12776: checking whether to build shared libraries
configure:12801: result: yes
configure:12804: checking whether to build static libraries
configure:12808: result: no
configure:12831: checking how to run the C++ preprocessor
configure:12858: g++ -E  conftest.cpp
configure:12858: $? = 0
configure:12872: g++ -E  conftest.cpp
conftest.cpp:23:28: fatal error: ac_nonexistent.h: No such file or directory
 #include <ac_nonexistent.h>
                            ^
compilation terminated.
configure:12872: $? = 1
configure: failed program was:
| /* confdefs.h */
| #define PACKAGE_NAME "mesos"
| #define PACKAGE_TARNAME "mesos"
| #define PACKAGE_VERSION "0.23.0"
| #define PACKAGE_STRING "mesos 0.23.0"
| #define PACKAGE_BUGREPORT ""
| #define PACKAGE_URL ""
| #define PACKAGE "mesos"
| #define VERSION "0.23.0"
| #define STDC_HEADERS 1
| #define HAVE_SYS_TYPES_H 1
| #define HAVE_SYS_STAT_H 1
| #define HAVE_STDLIB_H 1
| #define HAVE_STRING_H 1
| #define HAVE_MEMORY_H 1
| #define HAVE_STRINGS_H 1
| #define HAVE_INTTYPES_H 1
| #define HAVE_STDINT_H 1
| #define HAVE_UNISTD_H 1
| #define HAVE_DLFCN_H 1
| #define LT_OBJDIR ".libs/"
| /* end confdefs.h.  */
| #include <ac_nonexistent.h>
configure:12897: result: g++ -E
configure:12917: g++ -E  conftest.cpp
configure:12917: $? = 0
configure:12931: g++ -E  conftest.cpp
conftest.cpp:23:28: fatal error: ac_nonexistent.h: No such file or directory
 #include <ac_nonexistent.h>
                            ^
compilation terminated.
configure:12931: $? = 1
configure: failed program was:
| /* confdefs.h */
| #define PACKAGE_NAME "mesos"
| #define PACKAGE_TARNAME "mesos"
| #define PACKAGE_VERSION "0.23.0"
| #define PACKAGE_STRING "mesos 0.23.0"
| #define PACKAGE_BUGREPORT ""
| #define PACKAGE_URL ""
| #define PACKAGE "mesos"
| #define VERSION "0.23.0"
| #define STDC_HEADERS 1
| #define HAVE_SYS_TYPES_H 1
| #define HAVE_SYS_STAT_H 1
| #define HAVE_STDLIB_H 1
| #define HAVE_STRING_H 1
| #define HAVE_MEMORY_H 1
| #define HAVE_STRINGS_H 1
| #define HAVE_INTTYPES_H 1
| #define HAVE_STDINT_H 1
| #define HAVE_UNISTD_H 1
| #define HAVE_DLFCN_H 1
| #define LT_OBJDIR ".libs/"
| /* end confdefs.h.  */
| #include <ac_nonexistent.h>
configure:13093: checking for ld used by g++
configure:13160: result: /usr/bin/ld
configure:13167: checking if the linker (/usr/bin/ld) is GNU ld
configure:13182: result: no
configure:13237: checking whether the g++ linker (/usr/bin/ld) supports shared libraries
configure:14310: result: yes
configure:14346: g++ -c -g -O2  conftest.cpp >&5
configure:14349: $? = 0
configure:14830: checking for g++ option to produce PIC
configure:14837: result: -fno-common -DPIC
configure:14845: checking if g++ PIC flag -fno-common -DPIC works
configure:14863: g++ -c -g -O2  -fno-common -DPIC -DPIC conftest.cpp >&5
configure:14867: $? = 0
configure:14880: result: yes
configure:14903: checking if g++ static flag -static works
configure:14931: result: no
configure:14943: checking if g++ supports -c -o file.o
configure:14964: g++ -c -g -O2  -o out/conftest2.o conftest.cpp >&5
configure:14968: $? = 0
configure:14990: result: yes
configure:14995: checking if g++ supports -c -o file.o
configure:15042: result: yes
configure:15072: checking whether the g++ linker (/usr/bin/ld) supports shared libraries
configure:15112: result: yes
configure:15253: checking dynamic linker characteristics
configure:15998: result: darwin14.1.0 dyld
configure:16063: checking how to hardcode library paths into programs
configure:16088: result: immediate
configure:16151: creating ./config.lt

## ------------------ ##
## Running config.lt. ##
## ------------------ ##
config.lt:680: creating libtool
configure:17961: Setting up build environment for x86_64 darwin14.1.0
configure:18102: checking for C++ compiler version
configure:18111: g++ --version >&5
g++ (Homebrew gcc 4.9.2_1) 4.9.2
Copyright (C) 2014 Free Software Foundation, Inc.
This is free software; see the source for copying conditions.  There is NO
warranty; not even for MERCHANTABILITY or FITNESS FOR A PARTICULAR PURPOSE.

configure:18122: $? = 0
configure:18111: g++ -v >&5
Using built-in specs.
COLLECT_GCC=g++
COLLECT_LTO_WRAPPER=/usr/local/Cellar/gcc/4.9.2_1/libexec/gcc/x86_64-apple-darwin14.0.0/4.9.2/lto-wrapper
Target: x86_64-apple-darwin14.0.0
Configured with: ../configure --build=x86_64-apple-darwin14.0.0 --prefix=/usr/local/Cellar/gcc/4.9.2_1 --libdir=/usr/local/Cellar/gcc/4.9.2_1/lib/gcc/4.9 --enable-languages=c,c++,objc,obj-c++,fortran --program-suffix=-4.9 --with-gmp=/usr/local/opt/gmp --with-mpfr=/usr/local/opt/mpfr --with-mpc=/usr/local/opt/libmpc --with-cloog=/usr/local/opt/cloog --with-isl=/usr/local/opt/isl --with-system-zlib --enable-libstdcxx-time=yes --enable-stage1-checking --enable-checking=release --enable-lto --disable-werror --with-pkgversion='Homebrew gcc 4.9.2_1' --with-bugurl=https://github.com/Homebrew/homebrew/issues --enable-plugin --disable-nls --enable-multilib
Thread model: posix
gcc version 4.9.2 (Homebrew gcc 4.9.2_1) 
configure:18122: $? = 0
configure:18111: g++ -V >&5
g++: error: unrecognized command line option '-V'
g++: fatal error: no input files
compilation terminated.
configure:18122: $? = 1
configure:18111: g++ -qversion >&5
g++: error: unrecognized command line option '-qversion'
g++: fatal error: no input files
compilation terminated.
configure:18122: $? = 1
configure:18126: checking whether we are using the GNU C++ compiler
configure:18154: result: yes
configure:18163: checking whether g++ accepts -g
configure:18224: result: yes
configure:18249: checking dependency style of g++
configure:18360: result: gcc3
configure:18487: checking for C compiler version
configure:18496: gcc --version >&5
gcc (Homebrew gcc 4.9.2_1) 4.9.2
Copyright (C) 2014 Free Software Foundation, Inc.
This is free software; see the source for copying conditions.  There is NO
warranty; not even for MERCHANTABILITY or FITNESS FOR A PARTICULAR PURPOSE.

configure:18507: $? = 0
configure:18496: gcc -v >&5
Using built-in specs.
COLLECT_GCC=gcc
COLLECT_LTO_WRAPPER=/usr/local/Cellar/gcc/4.9.2_1/libexec/gcc/x86_64-apple-darwin14.0.0/4.9.2/lto-wrapper
Target: x86_64-apple-darwin14.0.0
Configured with: ../configure --build=x86_64-apple-darwin14.0.0 --prefix=/usr/local/Cellar/gcc/4.9.2_1 --libdir=/usr/local/Cellar/gcc/4.9.2_1/lib/gcc/4.9 --enable-languages=c,c++,objc,obj-c++,fortran --program-suffix=-4.9 --with-gmp=/usr/local/opt/gmp --with-mpfr=/usr/local/opt/mpfr --with-mpc=/usr/local/opt/libmpc --with-cloog=/usr/local/opt/cloog --with-isl=/usr/local/opt/isl --with-system-zlib --enable-libstdcxx-time=yes --enable-stage1-checking --enable-checking=release --enable-lto --disable-werror --with-pkgversion='Homebrew gcc 4.9.2_1' --with-bugurl=https://github.com/Homebrew/homebrew/issues --enable-plugin --disable-nls --enable-multilib
Thread model: posix
gcc version 4.9.2 (Homebrew gcc 4.9.2_1) 
configure:18507: $? = 0
configure:18496: gcc -V >&5
gcc: error: unrecognized command line option '-V'
gcc: fatal error: no input files
compilation terminated.
configure:18507: $? = 1
configure:18496: gcc -qversion >&5
gcc: error: unrecognized command line option '-qversion'
gcc: fatal error: no input files
compilation terminated.
configure:18507: $? = 1
configure:18511: checking whether we are using the GNU C compiler
configure:18539: result: yes
configure:18548: checking whether gcc accepts -g
configure:18609: result: yes
configure:18626: checking for gcc option to accept ISO C89
configure:18702: result: none needed
configure:18727: checking whether gcc understands -c and -o together
configure:18764: result: yes
configure:18783: checking dependency style of gcc
configure:18894: result: gcc3
configure:19491: checking if compiling with clang
configure:19515: g++ -c -g1 -O0  conftest.cpp >&5
conftest.cpp:29:2: error: #error Force the compiler to fail and set CLANG=no.
 #error Force the compiler to fail and set CLANG=no.
  ^
configure:19515: $? = 1
configure: failed program was:
| /* confdefs.h */
| #define PACKAGE_NAME "mesos"
| #define PACKAGE_TARNAME "mesos"
| #define PACKAGE_VERSION "0.23.0"
| #define PACKAGE_STRING "mesos 0.23.0"
| #define PACKAGE_BUGREPORT ""
| #define PACKAGE_URL ""
| #define PACKAGE "mesos"
| #define VERSION "0.23.0"
| #define STDC_HEADERS 1
| #define HAVE_SYS_TYPES_H 1
| #define HAVE_SYS_STAT_H 1
| #define HAVE_STDLIB_H 1
| #define HAVE_STRING_H 1
| #define HAVE_MEMORY_H 1
| #define HAVE_STRINGS_H 1
| #define HAVE_INTTYPES_H 1
| #define HAVE_STDINT_H 1
| #define HAVE_UNISTD_H 1
| #define HAVE_DLFCN_H 1
| #define LT_OBJDIR ".libs/"
| /* end confdefs.h.  */
| 
| int
| main ()
| {
| 
| #ifndef __clang__
| #error Force the compiler to fail and set CLANG=no.
| #endif
| 
|   ;
|   return 0;
| }
configure:19528: result: no
configure:19543: GCC version: 4.9.2
configure:19585: Setting up CXXFLAGS for g++ version >= 4.8
configure:19659: checking whether g++ supports C++11 features by default
configure:19758: g++ -c -g1 -O0 -Wno-unused-local-typedefs  conftest.cpp >&5
In file included from /usr/local/Cellar/gcc/4.9.2_1/include/c++/4.9.2/initializer_list:36:0,
                 from conftest.cpp:24:
/usr/local/Cellar/gcc/4.9.2_1/include/c++/4.9.2/bits/c++0x_warning.h:32:2: error: #error This file requires compiler and library support for the ISO C++ 2011 standard. This support is currently experimental, and must be enabled with the -std=c++11 or -std=gnu++11 compiler options.
 #error This file requires compiler and library support for the \
  ^
conftest.cpp:30:34: warning: variadic templates only available with -std=c++11 or -std=gnu++11
   template <typename T, typename ...Args>
                                  ^
conftest.cpp:33:21: error: expected identifier before 'sizeof'
       static_assert(sizeof(int) <= sizeof(T), "not big enough");
                     ^
conftest.cpp:33:21: error: expected ',' or '...' before 'sizeof'
conftest.cpp:33:63: error: ISO C++ forbids declaration of 'static_assert' with no type [-fpermissive]
       static_assert(sizeof(int) <= sizeof(T), "not big enough");
                                                               ^
conftest.cpp:36:27: error: '>>' should be '> >' within a nested template argument list
   typedef check<check<bool>> right_angle_brackets;
                           ^
conftest.cpp:39:11: error: expected constructor, destructor, or type conversion before '(' token
   decltype(a) b;
           ^
conftest.cpp:43:13: error: expected unqualified-id before '&&' token
   check_type&& cr = static_cast<check_type&&>(c);
             ^
conftest.cpp:45:8: error: 'd' does not name a type
   auto d = a;
        ^
conftest.cpp: In function 'void baz()':
conftest.cpp:55:5: error: 'unique_ptr' is not a member of 'std'
     std::unique_ptr<Foo> p1(new Foo);  // p1 owns Foo.
     ^
conftest.cpp:55:24: error: expected primary-expression before '>' token
     std::unique_ptr<Foo> p1(new Foo);  // p1 owns Foo.
                        ^
conftest.cpp:55:36: error: 'p1' was not declared in this scope
     std::unique_ptr<Foo> p1(new Foo);  // p1 owns Foo.
                                    ^
conftest.cpp:59:7: error: 'unique_ptr' is not a member of 'std'
       std::unique_ptr<Foo> p2(std::move(p1));  // Now p2 owns Foo.
       ^
conftest.cpp:59:26: error: expected primary-expression before '>' token
       std::unique_ptr<Foo> p2(std::move(p1));  // Now p2 owns Foo.
                          ^
conftest.cpp:59:31: error: 'move' is not a member of 'std'
       std::unique_ptr<Foo> p2(std::move(p1));  // Now p2 owns Foo.
                               ^
conftest.cpp:59:44: error: 'p2' was not declared in this scope
       std::unique_ptr<Foo> p2(std::move(p1));  // Now p2 owns Foo.
                                            ^
conftest.cpp:62:12: error: 'move' is not a member of 'std'
       p1 = std::move(p2);  // Ownership returns to p1.
            ^
conftest.cpp: At global scope:
conftest.cpp:68:8: error: 'shared_ptr' in namespace 'std' does not name a template type
   std::shared_ptr<int> k = std::make_shared<int>(2);
        ^
conftest.cpp: In function 'void mutexTest()':
conftest.cpp:72:5: error: 'mutex' is not a member of 'std'
     std::mutex _mutex;
     ^
conftest.cpp:75:7: error: 'lock_guard' is not a member of 'std'
       std::lock_guard<std::mutex> lockGuard(_mutex);
       ^
conftest.cpp:75:23: error: 'mutex' is not a member of 'std'
       std::lock_guard<std::mutex> lockGuard(_mutex);
                       ^
conftest.cpp:75:45: error: '_mutex' was not declared in this scope
       std::lock_guard<std::mutex> lockGuard(_mutex);
                                             ^
conftest.cpp:75:51: error: 'lockGuard' was not declared in this scope
       std::lock_guard<std::mutex> lockGuard(_mutex);
                                                   ^
conftest.cpp:81:7: error: 'unique_lock' is not a member of 'std'
       std::unique_lock<std::mutex> uniqueLock(_mutex);
       ^
conftest.cpp:81:24: error: 'mutex' is not a member of 'std'
       std::unique_lock<std::mutex> uniqueLock(_mutex);
                        ^
conftest.cpp:81:47: error: '_mutex' was not declared in this scope
       std::unique_lock<std::mutex> uniqueLock(_mutex);
                                               ^
conftest.cpp:81:53: error: 'uniqueLock' was not declared in this scope
       std::unique_lock<std::mutex> uniqueLock(_mutex);
                                                     ^
conftest.cpp: At global scope:
conftest.cpp:87:60: error: expected template-name before '<' token
   struct SharedStruct : public std::enable_shared_from_this<SharedStruct>
                                                            ^
conftest.cpp:87:60: error: expected '{' before '<' token
conftest.cpp:87:60: error: expected unqualified-id before '<' token
configure:19758: $? = 1
configure: failed program was:
| /* confdefs.h */
| #define PACKAGE_NAME "mesos"
| #define PACKAGE_TARNAME "mesos"
| #define PACKAGE_VERSION "0.23.0"
| #define PACKAGE_STRING "mesos 0.23.0"
| #define PACKAGE_BUGREPORT ""
| #define PACKAGE_URL ""
| #define PACKAGE "mesos"
| #define VERSION "0.23.0"
| #define STDC_HEADERS 1
| #define HAVE_SYS_TYPES_H 1
| #define HAVE_SYS_STAT_H 1
| #define HAVE_STDLIB_H 1
| #define HAVE_STRING_H 1
| #define HAVE_MEMORY_H 1
| #define HAVE_STRINGS_H 1
| #define HAVE_INTTYPES_H 1
| #define HAVE_STDINT_H 1
| #define HAVE_UNISTD_H 1
| #define HAVE_DLFCN_H 1
| #define LT_OBJDIR ".libs/"
| /* end confdefs.h.  */
| 
|   #include <initializer_list>
|   #include <memory>
|   #include <mutex>
|   #include <string>
|   #include <vector>
| 
|   template <typename T, typename ...Args>
|     struct check
|     {
|       static_assert(sizeof(int) <= sizeof(T), "not big enough");
|     };
| 
|   typedef check<check<bool>> right_angle_brackets;
| 
|   int a;
|   decltype(a) b;
| 
|   typedef check<int> check_type;
|   check_type c;
|   check_type&& cr = static_cast<check_type&&>(c);
| 
|   auto d = a;
| 
|   struct Foo
|   {
|     void bar() const {}
|   };
| 
|   void f(const Foo& foo) { foo.bar(); }
| 
|   void baz() {
|     std::unique_ptr<Foo> p1(new Foo);  // p1 owns Foo.
|     p1->bar();
| 
|     {
|       std::unique_ptr<Foo> p2(std::move(p1));  // Now p2 owns Foo.
|       f(*p2);
| 
|       p1 = std::move(p2);  // Ownership returns to p1.
|     }
| 
|     p1->bar();
|   }
| 
|   std::shared_ptr<int> k = std::make_shared<int>(2);
| 
|   void mutexTest()
|   {
|     std::mutex _mutex;
|     {
|       // scope of lockGuard.
|       std::lock_guard<std::mutex> lockGuard(_mutex);
|       // end scope of lockGuard.
|     }
| 
|     {
|       // scope of uniqueLock.
|       std::unique_lock<std::mutex> uniqueLock(_mutex);
|       // end scope of uniqueLock.
|     }
|   }
| 
|   // check for std::enable_shared_from_this.
|   struct SharedStruct : public std::enable_shared_from_this<SharedStruct>
|   {
|     std::shared_ptr<SharedStruct> get()
|     {
|       return shared_from_this();
|     }
|   };
| 
|   // construct a new shared_ptr using shared_from_this().
|   std::shared_ptr<SharedStruct> object =
|     std::shared_ptr<SharedStruct>(new SharedStruct())->get();
| 
|   // initializer lists.
|   std::vector<std::string> g = {"hello", "world"};
| 
|   struct InitializerList
|   {
|     InitializerList(std::initializer_list<int>) {}
|     void doSomething(std::initializer_list<int>) {}
|   };
| 
|   void initializerListClassTest()
|   {
|     InitializerList il{1,2,3,4};
|     il.doSomething({5,6,7,8});
|   }
| 
configure:19765: result: no
configure:19777: checking whether g++ supports C++11 features with -std=c++11
configure:19878: g++ -c -g1 -O0 -Wno-unused-local-typedefs -std=c++11  conftest.cpp >&5
configure:19878: $? = 0
configure:19887: result: yes
configure:19946: g++ -c -g1 -O0 -Wno-unused-local-typedefs -std=c++11  conftest.cpp >&5
configure:19946: $? = 0
configure:20160: checking for the pthreads library -lpthreads
configure:20193: gcc -o conftest -g1 -O0 -Wno-unused-local-typedefs    conftest.c -lpthreads  >&5
ld: library not found for -lpthreads
collect2: error: ld returned 1 exit status
configure:20193: $? = 1
configure: failed program was:
| /* confdefs.h */
| #define PACKAGE_NAME "mesos"
| #define PACKAGE_TARNAME "mesos"
| #define PACKAGE_VERSION "0.23.0"
| #define PACKAGE_STRING "mesos 0.23.0"
| #define PACKAGE_BUGREPORT ""
| #define PACKAGE_URL ""
| #define PACKAGE "mesos"
| #define VERSION "0.23.0"
| #define STDC_HEADERS 1
| #define HAVE_SYS_TYPES_H 1
| #define HAVE_SYS_STAT_H 1
| #define HAVE_STDLIB_H 1
| #define HAVE_STRING_H 1
| #define HAVE_MEMORY_H 1
| #define HAVE_STRINGS_H 1
| #define HAVE_INTTYPES_H 1
| #define HAVE_STDINT_H 1
| #define HAVE_UNISTD_H 1
| #define HAVE_DLFCN_H 1
| #define LT_OBJDIR ".libs/"
| /* end confdefs.h.  */
| #include <pthread.h>
| int
| main ()
| {
| pthread_t th; pthread_join(th, 0);
|                      pthread_attr_init(0); pthread_cleanup_push(0, 0);
|                      pthread_create(0,0,0,0); pthread_cleanup_pop(0);
|   ;
|   return 0;
| }
configure:20202: result: no
configure:20105: checking whether pthreads work without any flags
configure:20193: gcc -o conftest -g1 -O0 -Wno-unused-local-typedefs    conftest.c   >&5
configure:20193: $? = 0
configure:20202: result: yes
configure:20221: checking for joinable pthread attribute
configure:20236: gcc -o conftest -g1 -O0 -Wno-unused-local-typedefs    conftest.c   >&5
configure:20236: $? = 0
configure:20242: result: PTHREAD_CREATE_JOINABLE
configure:20252: checking if more special flags are required for pthreads
configure:20259: result: -D_THREAD_SAFE
configure:20348: checking whether to check for GCC pthread/shared inconsistencies
configure:20361: gcc -o conftest -shared -fPIC -Wl,-z,defs -g1 -O0 -Wno-unused-local-typedefs -D_THREAD_SAFE    conftest.c   >&5
ld: unknown option: -z
collect2: error: ld returned 1 exit status
configure:20361: $? = 1
configure: failed program was:
| /* confdefs.h */
| #define PACKAGE_NAME "mesos"
| #define PACKAGE_TARNAME "mesos"
| #define PACKAGE_VERSION "0.23.0"
| #define PACKAGE_STRING "mesos 0.23.0"
| #define PACKAGE_BUGREPORT ""
| #define PACKAGE_URL ""
| #define PACKAGE "mesos"
| #define VERSION "0.23.0"
| #define STDC_HEADERS 1
| #define HAVE_SYS_TYPES_H 1
| #define HAVE_SYS_STAT_H 1
| #define HAVE_STDLIB_H 1
| #define HAVE_STRING_H 1
| #define HAVE_MEMORY_H 1
| #define HAVE_STRINGS_H 1
| #define HAVE_INTTYPES_H 1
| #define HAVE_STDINT_H 1
| #define HAVE_UNISTD_H 1
| #define HAVE_DLFCN_H 1
| #define LT_OBJDIR ".libs/"
| /* end confdefs.h.  */
| 
| int
| main ()
| {
| 
|   ;
|   return 0;
| }
configure:20370: result: no
configure:20520: checking for backtrace in -lunwind
configure:20545: g++ -o conftest -g1 -O0 -Wno-unused-local-typedefs -std=c++11 -DGTEST_USE_OWN_TR1_TUPLE=1   conftest.cpp -lunwind   >&5
ld: library not found for -lunwind
collect2: error: ld returned 1 exit status
configure:20545: $? = 1
configure: failed program was:
| /* confdefs.h */
| #define PACKAGE_NAME "mesos"
| #define PACKAGE_TARNAME "mesos"
| #define PACKAGE_VERSION "0.23.0"
| #define PACKAGE_STRING "mesos 0.23.0"
| #define PACKAGE_BUGREPORT ""
| #define PACKAGE_URL ""
| #define PACKAGE "mesos"
| #define VERSION "0.23.0"
| #define STDC_HEADERS 1
| #define HAVE_SYS_TYPES_H 1
| #define HAVE_SYS_STAT_H 1
| #define HAVE_STDLIB_H 1
| #define HAVE_STRING_H 1
| #define HAVE_MEMORY_H 1
| #define HAVE_STRINGS_H 1
| #define HAVE_INTTYPES_H 1
| #define HAVE_STDINT_H 1
| #define HAVE_UNISTD_H 1
| #define HAVE_DLFCN_H 1
| #define LT_OBJDIR ".libs/"
| #define HAVE_PTHREAD 1
| /* end confdefs.h.  */
| 
| /* Override any GCC internal prototype to avoid an error.
|    Use char because int might match the return type of a GCC
|    builtin and then its argument prototype would still apply.  */
| #ifdef __cplusplus
| extern "C"
| #endif
| char backtrace ();
| int
| main ()
| {
| return backtrace ();
|   ;
|   return 0;
| }
configure:20554: result: no
configure:20613: checking for patch
configure:20629: found /usr/bin/patch
configure:20640: result: patch
configure:20667: checking for gzread in -lz
configure:20692: g++ -o conftest -g1 -O0 -Wno-unused-local-typedefs -std=c++11 -DGTEST_USE_OWN_TR1_TUPLE=1   conftest.cpp -lz   >&5
configure:20692: $? = 0
configure:20701: result: yes
configure:20728: checking for curl_global_init in -lcurl
configure:20753: g++ -o conftest -g1 -O0 -Wno-unused-local-typedefs -std=c++11 -DGTEST_USE_OWN_TR1_TUPLE=1   conftest.cpp -lcurl  -lz  >&5
configure:20753: $? = 0
configure:20762: result: yes
configure:20794: checking apr_pools.h usability
configure:20794: g++ -c -g1 -O0 -Wno-unused-local-typedefs -std=c++11 -DGTEST_USE_OWN_TR1_TUPLE=1 -I/usr/include/apr-1 -I/usr/include/apr-1.0  conftest.cpp >&5
configure:20794: $? = 0
configure:20794: result: yes
configure:20794: checking apr_pools.h presence
configure:20794: g++ -E -I/usr/include/apr-1 -I/usr/include/apr-1.0  conftest.cpp
configure:20794: $? = 0
configure:20794: result: yes
configure:20794: checking for apr_pools.h
configure:20794: result: yes
configure:20799: checking for apr_initialize in -lapr-1
configure:20824: g++ -o conftest -g1 -O0 -Wno-unused-local-typedefs -std=c++11 -DGTEST_USE_OWN_TR1_TUPLE=1 -I/usr/include/apr-1 -I/usr/include/apr-1.0   conftest.cpp -lapr-1  -lcurl -lz  >&5
configure:20824: $? = 0
configure:20833: result: yes
configure:20882: checking svn_version.h usability
configure:20882: g++ -c -g1 -O0 -Wno-unused-local-typedefs -std=c++11 -DGTEST_USE_OWN_TR1_TUPLE=1 -I/usr/local/opt/subversion/include/subversion-1 -I/usr/include/apr-1 -I/usr/include/apr-1.0  conftest.cpp >&5
configure:20882: $? = 0
configure:20882: result: yes
configure:20882: checking svn_version.h presence
configure:20882: g++ -E -I/usr/local/opt/subversion/include/subversion-1 -I/usr/include/apr-1 -I/usr/include/apr-1.0  conftest.cpp
configure:20882: $? = 0
configure:20882: result: yes
configure:20882: checking for svn_version.h
configure:20882: result: yes
configure:20887: checking for svn_stringbuf_create_ensure in -lsvn_subr-1
configure:20912: g++ -o conftest -g1 -O0 -Wno-unused-local-typedefs -std=c++11 -DGTEST_USE_OWN_TR1_TUPLE=1 -I/usr/local/opt/subversion/include/subversion-1 -I/usr/include/apr-1 -I/usr/include/apr-1.0  -L/usr/local/opt/subversion/lib  conftest.cpp -lsvn_subr-1  -lapr-1 -lcurl -lz  >&5
configure:20912: $? = 0
configure:20921: result: yes
configure:20951: checking svn_delta.h usability
configure:20951: g++ -c -g1 -O0 -Wno-unused-local-typedefs -std=c++11 -DGTEST_USE_OWN_TR1_TUPLE=1 -I/usr/local/opt/subversion/include/subversion-1 -I/usr/include/apr-1 -I/usr/include/apr-1.0  conftest.cpp >&5
configure:20951: $? = 0
configure:20951: result: yes
configure:20951: checking svn_delta.h presence
configure:20951: g++ -E -I/usr/local/opt/subversion/include/subversion-1 -I/usr/include/apr-1 -I/usr/include/apr-1.0  conftest.cpp
configure:20951: $? = 0
configure:20951: result: yes
configure:20951: checking for svn_delta.h
configure:20951: result: yes
configure:20956: checking for svn_txdelta in -lsvn_delta-1
configure:20981: g++ -o conftest -g1 -O0 -Wno-unused-local-typedefs -std=c++11 -DGTEST_USE_OWN_TR1_TUPLE=1 -I/usr/local/opt/subversion/include/subversion-1 -I/usr/include/apr-1 -I/usr/include/apr-1.0  -L/usr/local/opt/subversion/lib  conftest.cpp -lsvn_delta-1  -lsvn_subr-1 -lapr-1 -lcurl -lz  >&5
configure:20981: $? = 0
configure:20990: result: yes
configure:21027: checking for sasl_done in -lsasl2
configure:21052: g++ -o conftest -g1 -O0 -Wno-unused-local-typedefs -std=c++11 -DGTEST_USE_OWN_TR1_TUPLE=1 -I/usr/local/opt/subversion/include/subversion-1 -I/usr/include/apr-1 -I/usr/include/apr-1.0  -L/usr/local/opt/subversion/lib  conftest.cpp -lsasl2  -lsvn_delta-1 -lsvn_subr-1 -lapr-1 -lcurl -lz  >&5
configure:21052: $? = 0
configure:21061: result: yes
configure:21079: checking SASL CRAM-MD5 support
configure:21136: result: yes
configure:21412: checking for javac
configure:21430: found /usr/bin/javac
configure:21443: result: /usr/bin/javac
configure:21453: checking for java
configure:21471: found /usr/bin/java
configure:21484: result: /usr/bin/java
configure:21497: checking value of Java system property 'java.home'
configure:21511: result: /Library/Java/JavaVirtualMachines/jdk1.8.0_45.jdk/Contents/Home/jre
configure:21533: using JAVA_HOME=/Library/Java/JavaVirtualMachines/jdk1.8.0_45.jdk/Contents/Home
configure:21562: checking whether or not we can build with JNI
libtool: link: g++ -Wall -Werror -I/Library/Java/JavaVirtualMachines/jdk1.8.0_45.jdk/Contents/Home/include -I/Library/Java/JavaVirtualMachines/jdk1.8.0_45.jdk/Contents/Home/include/darwin -o conftest conftest.cpp -Wl,-bind_at_load  -framework JavaVM
configure:21685: result: yes
configure:21710: checking for mvn
configure:21728: found /usr/local/bin/mvn
configure:21741: result: /usr/local/bin/mvn
configure:22997: checking that generated files are newer than configure
configure:23003: result: done
configure:23099: creating ./config.status

## ---------------------- ##
## Running config.status. ##
## ---------------------- ##

This file was extended by mesos config.status 0.23.0, which was
generated by GNU Autoconf 2.69.  Invocation command line was

  CONFIG_FILES    = 
  CONFIG_HEADERS  = 
  CONFIG_LINKS    = 
  CONFIG_COMMANDS = 
  $ ./config.status 

on brickfruit.corp.microsoft.com

config.status:1193: creating Makefile
config.status:1193: creating mesos.pc
config.status:1193: creating ec2/Makefile
config.status:1193: creating src/Makefile
config.status:1193: creating 3rdparty/Makefile
config.status:1193: creating bin/mesos.sh
config.status:1193: creating bin/mesos-local.sh
config.status:1193: creating bin/mesos-master.sh
config.status:1193: creating bin/mesos-slave.sh
config.status:1193: creating bin/mesos-tests.sh
config.status:1193: creating bin/mesos-local-flags.sh
config.status:1193: creating bin/mesos-master-flags.sh
config.status:1193: creating bin/mesos-slave-flags.sh
config.status:1193: creating bin/mesos-tests-flags.sh
config.status:1193: creating bin/gdb-mesos-local.sh
config.status:1193: creating bin/gdb-mesos-master.sh
config.status:1193: creating bin/gdb-mesos-slave.sh
config.status:1193: creating bin/gdb-mesos-tests.sh
config.status:1193: creating bin/lldb-mesos-local.sh
config.status:1193: creating bin/lldb-mesos-master.sh
config.status:1193: creating bin/lldb-mesos-slave.sh
config.status:1193: creating bin/lldb-mesos-tests.sh
config.status:1193: creating bin/valgrind-mesos-local.sh
config.status:1193: creating bin/valgrind-mesos-slave.sh
config.status:1193: creating bin/valgrind-mesos-master.sh
config.status:1193: creating bin/valgrind-mesos-tests.sh
config.status:1193: creating src/deploy/mesos-daemon.sh
config.status:1193: creating src/deploy/mesos-start-cluster.sh
config.status:1193: creating src/deploy/mesos-start-masters.sh
config.status:1193: creating src/deploy/mesos-start-slaves.sh
config.status:1193: creating src/deploy/mesos-stop-cluster.sh
config.status:1193: creating src/deploy/mesos-stop-masters.sh
config.status:1193: creating src/deploy/mesos-stop-slaves.sh
config.status:1193: creating include/mesos/version.hpp
config.status:1193: creating src/java/generated/org/apache/mesos/MesosNativeLibrary.java
config.status:1193: creating mpi/mpiexec-mesos
config.status:1193: creating src/examples/java/test-exception-framework
config.status:1193: creating src/examples/java/test-executor
config.status:1193: creating src/examples/java/test-framework
config.status:1193: creating src/examples/java/test-multiple-executors-framework
config.status:1193: creating src/examples/java/test-log
config.status:1193: creating src/java/mesos.pom
config.status:1350: executing depfiles commands
config.status:1350: executing libtool commands
configure:25462: === configuring in 3rdparty/libprocess (/Users/alex/src/mesos/build/3rdparty/libprocess)
configure:25525: running /bin/sh ../../../3rdparty/libprocess/configure --disable-option-checking '--prefix=/usr/local'  '--disable-python' '--enable-shared=no' '--with-pic' --cache-file=/dev/null --srcdir=../../../3rdparty/libprocess

## ---------------- ##
## Cache variables. ##
## ---------------- ##

ac_cv_build=x86_64-apple-darwin14.1.0
ac_cv_c_compiler_gnu=yes
ac_cv_cxx_compiler_gnu=yes
ac_cv_env_CCC_set=
ac_cv_env_CCC_value=
ac_cv_env_CC_set=
ac_cv_env_CC_value=
ac_cv_env_CFLAGS_set=
ac_cv_env_CFLAGS_value=
ac_cv_env_CPPFLAGS_set=
ac_cv_env_CPPFLAGS_value=
ac_cv_env_CPP_set=
ac_cv_env_CPP_value=
ac_cv_env_CXXCPP_set=
ac_cv_env_CXXCPP_value=
ac_cv_env_CXXFLAGS_set=
ac_cv_env_CXXFLAGS_value=
ac_cv_env_CXX_set=
ac_cv_env_CXX_value=
ac_cv_env_JAVA_CPPFLAGS_set=
ac_cv_env_JAVA_CPPFLAGS_value=
ac_cv_env_JAVA_HOME_set=
ac_cv_env_JAVA_HOME_value=
ac_cv_env_JAVA_JVM_LIBRARY_set=
ac_cv_env_JAVA_JVM_LIBRARY_value=
ac_cv_env_LDFLAGS_set=
ac_cv_env_LDFLAGS_value=
ac_cv_env_LIBS_set=
ac_cv_env_LIBS_value=
ac_cv_env_LT_SYS_LIBRARY_PATH_set=
ac_cv_env_LT_SYS_LIBRARY_PATH_value=
ac_cv_env_MAVEN_HOME_set=
ac_cv_env_MAVEN_HOME_value=
ac_cv_env_PROTOBUF_JAR_set=
ac_cv_env_PROTOBUF_JAR_value=
ac_cv_env_PYTHON_VERSION_set=
ac_cv_env_PYTHON_VERSION_value=
ac_cv_env_PYTHON_set=
ac_cv_env_PYTHON_value=
ac_cv_env_build_alias_set=
ac_cv_env_build_alias_value=
ac_cv_env_host_alias_set=
ac_cv_env_host_alias_value=
ac_cv_env_target_alias_set=
ac_cv_env_target_alias_value=
ac_cv_header_apr_pools_h=yes
ac_cv_header_dlfcn_h=yes
ac_cv_header_inttypes_h=yes
ac_cv_header_memory_h=yes
ac_cv_header_stdc=yes
ac_cv_header_stdint_h=yes
ac_cv_header_stdlib_h=yes
ac_cv_header_string_h=yes
ac_cv_header_strings_h=yes
ac_cv_header_svn_delta_h=yes
ac_cv_header_svn_version_h=yes
ac_cv_header_sys_stat_h=yes
ac_cv_header_sys_types_h=yes
ac_cv_header_unistd_h=yes
ac_cv_host=x86_64-apple-darwin14.1.0
ac_cv_lib_apr_1_apr_initialize=yes
ac_cv_lib_curl_curl_global_init=yes
ac_cv_lib_sasl2_sasl_done=yes
ac_cv_lib_svn_delta_1_svn_txdelta=yes
ac_cv_lib_svn_subr_1_svn_stringbuf_create_ensure=yes
ac_cv_lib_unwind_backtrace=no
ac_cv_lib_z_gzread=yes
ac_cv_objext=o
ac_cv_path_EGREP='/usr/bin/grep -E'
ac_cv_path_FGREP='/usr/bin/grep -F'
ac_cv_path_GREP=/usr/bin/grep
ac_cv_path_JAVA=/usr/bin/java
ac_cv_path_JAVAC=/usr/bin/javac
ac_cv_path_MVN=/usr/local/bin/mvn
ac_cv_path_SED=/usr/bin/sed
ac_cv_path_install='/usr/bin/install -c'
ac_cv_path_lt_DD=/bin/dd
ac_cv_prog_AWK=awk
ac_cv_prog_CPP='gcc -E'
ac_cv_prog_CXXCPP='g++ -E'
ac_cv_prog_ac_ct_AR=ar
ac_cv_prog_ac_ct_CC=gcc
ac_cv_prog_ac_ct_CXX=g++
ac_cv_prog_ac_ct_DSYMUTIL=dsymutil
ac_cv_prog_ac_ct_LIPO=lipo
ac_cv_prog_ac_ct_NMEDIT=nmedit
ac_cv_prog_ac_ct_OTOOL=otool
ac_cv_prog_ac_ct_PATCHCOMMAND_TEST=patch
ac_cv_prog_ac_ct_RANLIB=ranlib
ac_cv_prog_ac_ct_STRIP=strip
ac_cv_prog_cc_c89=
ac_cv_prog_cc_g=yes
ac_cv_prog_cxx_g=yes
ac_cv_prog_make_make_set=yes
ac_cv_target=x86_64-apple-darwin14.1.0
am_cv_CC_dependencies_compiler_type=gcc3
am_cv_CXX_dependencies_compiler_type=gcc3
am_cv_ar_interface=ar
am_cv_make_support_nested_variables=yes
am_cv_prog_cc_c_o=yes
ax_cv_cxx_compile_cxx11=no
ax_cv_cxx_compile_cxx11__std_cpp11=yes
lt_cv_apple_cc_single_mod=yes
lt_cv_ar_at_file=no
lt_cv_deplibs_check_method=pass_all
lt_cv_file_magic_cmd='$MAGIC_CMD'
lt_cv_file_magic_test_file=
lt_cv_ld_exported_symbols_list=yes
lt_cv_ld_force_load=yes
lt_cv_ld_reload_flag=-r
lt_cv_nm_interface='BSD nm'
lt_cv_objdir=.libs
lt_cv_path_LD=/usr/bin/ld
lt_cv_path_LDCXX=/usr/bin/ld
lt_cv_path_NM=/usr/bin/nm
lt_cv_path_mainfest_tool=no
lt_cv_prog_compiler_c_o=yes
lt_cv_prog_compiler_c_o_CXX=yes
lt_cv_prog_compiler_pic='-fno-common -DPIC'
lt_cv_prog_compiler_pic_CXX='-fno-common -DPIC'
lt_cv_prog_compiler_pic_works=yes
lt_cv_prog_compiler_pic_works_CXX=yes
lt_cv_prog_compiler_rtti_exceptions=no
lt_cv_prog_compiler_static_works=no
lt_cv_prog_compiler_static_works_CXX=no
lt_cv_prog_gnu_ld=no
lt_cv_prog_gnu_ldcxx=no
lt_cv_sharedlib_from_linklib_cmd='printf %s\n'
lt_cv_sys_global_symbol_pipe='sed -n -e '\''s/^.*[	 ]\([BCDEGRST][BCDEGRST]*\)[	 ][	 ]*_\([_A-Za-z][_A-Za-z0-9]*\)$/\1 _\2 \2/p'\'' | sed '\''/ __gnu_lto/d'\'''
lt_cv_sys_global_symbol_to_c_name_address='sed -n -e '\''s/^: \(.*\) .*$/  {"\1", (void *) 0},/p'\'' -e '\''s/^[BCDEGRST][BCDEGRST]* .* \(.*\)$/  {"\1", (void *) \&\1},/p'\'''
lt_cv_sys_global_symbol_to_c_name_address_lib_prefix='sed -n -e '\''s/^: \(.*\) .*$/  {"\1", (void *) 0},/p'\'' -e '\''s/^[BCDEGRST][BCDEGRST]* .* \(lib.*\)$/  {"\1", (void *) \&\1},/p'\'' -e '\''s/^[BCDEGRST][BCDEGRST]* .* \(.*\)$/  {"lib\1", (void *) \&\1},/p'\'''
lt_cv_sys_global_symbol_to_cdecl='sed -n -e '\''s/^T .* \(.*\)$/extern int \1();/p'\'' -e '\''s/^[BCDEGRST][BCDEGRST]* .* \(.*\)$/extern char \1;/p'\'''
lt_cv_sys_global_symbol_to_import=
lt_cv_sys_max_cmd_len=196608
lt_cv_to_host_file_cmd=func_convert_file_noop
lt_cv_to_tool_file_cmd=func_convert_file_noop
lt_cv_truncate_bin='/bin/dd bs=4096 count=1'

## ----------------- ##
## Output variables. ##
## ----------------- ##

ACLOCAL='${SHELL} /Users/alex/src/mesos/missing aclocal-1.15'
AMDEPBACKSLASH='\'
AMDEP_FALSE='#'
AMDEP_TRUE=''
AMTAR='$${TAR-tar}'
AM_BACKSLASH='\'
AM_DEFAULT_V='$(AM_DEFAULT_VERBOSITY)'
AM_DEFAULT_VERBOSITY='1'
AM_V='$(V)'
AR='ar'
AUTOCONF='${SHELL} /Users/alex/src/mesos/missing autoconf'
AUTOHEADER='${SHELL} /Users/alex/src/mesos/missing autoheader'
AUTOMAKE='${SHELL} /Users/alex/src/mesos/missing automake-1.15'
AWK='awk'
CC='gcc'
CCDEPMODE='depmode=gcc3'
CFLAGS='-g1 -O0 -Wno-unused-local-typedefs'
CLANG='no'
CONFIGURE_ARGS=' '\''--disable-python'\'' CXXFLAGS='\''-g1 -O0 -Wno-unused-local-typedefs -std=c++11 -DGTEST_USE_OWN_TR1_TUPLE=1'\'''
CPP='gcc -E'
CPPFLAGS='-I/usr/local/opt/subversion/include/subversion-1 -I/usr/include/apr-1 -I/usr/include/apr-1.0 '
CXX='g++'
CXXCPP='g++ -E'
CXXDEPMODE='depmode=gcc3'
CXXFLAGS='-g1 -O0 -Wno-unused-local-typedefs -std=c++11 -DGTEST_USE_OWN_TR1_TUPLE=1'
CYGPATH_W='echo'
DEBUG_FALSE=''
DEBUG_TRUE='#'
DEFS='-DPACKAGE_NAME=\"mesos\" -DPACKAGE_TARNAME=\"mesos\" -DPACKAGE_VERSION=\"0.23.0\" -DPACKAGE_STRING=\"mesos\ 0.23.0\" -DPACKAGE_BUGREPORT=\"\" -DPACKAGE_URL=\"\" -DPACKAGE=\"mesos\" -DVERSION=\"0.23.0\" -DSTDC_HEADERS=1 -DHAVE_SYS_TYPES_H=1 -DHAVE_SYS_STAT_H=1 -DHAVE_STDLIB_H=1 -DHAVE_STRING_H=1 -DHAVE_MEMORY_H=1 -DHAVE_STRINGS_H=1 -DHAVE_INTTYPES_H=1 -DHAVE_STDINT_H=1 -DHAVE_UNISTD_H=1 -DHAVE_DLFCN_H=1 -DLT_OBJDIR=\".libs/\" -DHAVE_PTHREAD=1 -DHAVE_LIBZ=1 -DHAVE_LIBCURL=1 -DHAVE_APR_POOLS_H=1 -DHAVE_LIBAPR_1=1 -DHAVE_SVN_VERSION_H=1 -DHAVE_LIBSVN_SUBR_1=1 -DHAVE_SVN_DELTA_H=1 -DHAVE_LIBSVN_DELTA_1=1 -DHAVE_LIBSASL2=1 -DMESOS_HAS_JAVA=1'
DEPDIR='.deps'
DLLTOOL='false'
DSYMUTIL='dsymutil'
DUMPBIN=''
ECHO_C='\c'
ECHO_N=''
ECHO_T=''
EGREP='/usr/bin/grep -E'
EXEEXT=''
FGREP='/usr/bin/grep -F'
GIT_REPO_FALSE='#'
GIT_REPO_TRUE=''
GREP='/usr/bin/grep'
HAS_JAVA_FALSE='#'
HAS_JAVA_TRUE=''
HAS_PYTHON_FALSE=''
HAS_PYTHON_TRUE='#'
HAVE_CXX11=''
INSTALL_DATA='${INSTALL} -m 644'
INSTALL_PROGRAM='${INSTALL}'
INSTALL_SCRIPT='${INSTALL}'
INSTALL_STRIP_PROGRAM='$(install_sh) -c -s'
JAVA='/usr/bin/java'
JAVAC='/usr/bin/javac'
JAVA_CPPFLAGS='-I/Library/Java/JavaVirtualMachines/jdk1.8.0_45.jdk/Contents/Home/include -I/Library/Java/JavaVirtualMachines/jdk1.8.0_45.jdk/Contents/Home/include/darwin'
JAVA_HOME='/Library/Java/JavaVirtualMachines/jdk1.8.0_45.jdk/Contents/Home'
JAVA_JVM_LIBRARY='/Library/Java/JavaVirtualMachines/jdk1.8.0_45.jdk/Contents/Home/jre/lib/server/libjvm.dylib'
LD='/usr/bin/ld'
LDFLAGS='-L/usr/local/opt/subversion/lib '
LIBNL_CFLAGS=''
LIBOBJS=''
LIBS='-lsasl2 -lsvn_delta-1 -lsvn_subr-1 -lapr-1 -lcurl -lz '
LIBTOOL='$(SHELL) $(top_builddir)/libtool'
LIPO='lipo'
LN_S='ln -s'
LTLIBOBJS=''
LT_SYS_LIBRARY_PATH=''
MAKEINFO='${SHELL} /Users/alex/src/mesos/missing makeinfo'
MANIFEST_TOOL=':'
MAVEN_HOME=''
MESOS_MAJOR_VERSION='0'
MESOS_MINOR_VERSION='23'
MESOS_PATCH_VERSION='0'
MKDIR_P='../install-sh -c -d'
MVN='/usr/local/bin/mvn'
NM='/usr/bin/nm'
NMEDIT='nmedit'
OBJDUMP='false'
OBJEXT='o'
OPTIMIZE_FALSE=''
OPTIMIZE_TRUE='#'
OS_LINUX_FALSE=''
OS_LINUX_TRUE='#'
OTOOL64=':'
OTOOL='otool'
PACKAGE='mesos'
PACKAGE_BUGREPORT=''
PACKAGE_NAME='mesos'
PACKAGE_STRING='mesos 0.23.0'
PACKAGE_TARNAME='mesos'
PACKAGE_URL=''
PACKAGE_VERSION='0.23.0'
PATCHCOMMAND_TEST='patch'
PATH_SEPARATOR=':'
PROTOBUF_JAR='${MESOS_BUILD_DIR}/src/java/target/protobuf-java-2.5.0.jar'
PROTOCOMPILER=''
PROTOCOMPILER_TEST=''
PTHREAD_CC='gcc'
PTHREAD_CFLAGS='-D_THREAD_SAFE '
PTHREAD_LIBS=''
PYTHON=''
PYTHON_CFLAGS=''
PYTHON_CPPFLAGS=''
PYTHON_EGG_POSTFIX=''
PYTHON_EGG_PUREPY_POSTFIX=''
PYTHON_EXEC_PREFIX=''
PYTHON_EXTRA_LDFLAGS=''
PYTHON_EXTRA_LIBS=''
PYTHON_LDFLAGS=''
PYTHON_PLATFORM=''
PYTHON_PREFIX=''
PYTHON_SITE_PKG=''
PYTHON_VERSION=''
PYTHON_WHL_POSTFIX=''
PYTHON_WHL_PUREPY_POSTFIX=''
RANLIB='ranlib'
SED='/usr/bin/sed'
SET_MAKE=''
SHELL='/bin/sh'
STRIP='strip'
VERSION='0.23.0'
WITHOUT_PYTHON_DEPS_FALSE=''
WITHOUT_PYTHON_DEPS_TRUE='#'
WITH_BUNDLED_DISTRIBUTE_FALSE=''
WITH_BUNDLED_DISTRIBUTE_TRUE='#'
WITH_BUNDLED_GLOG_FALSE='#'
WITH_BUNDLED_GLOG_TRUE=''
WITH_BUNDLED_LEVELDB_FALSE='#'
WITH_BUNDLED_LEVELDB_TRUE=''
WITH_BUNDLED_PIP_FALSE=''
WITH_BUNDLED_PIP_TRUE='#'
WITH_BUNDLED_PROTOBUF_FALSE='#'
WITH_BUNDLED_PROTOBUF_TRUE=''
WITH_BUNDLED_WHEEL_FALSE=''
WITH_BUNDLED_WHEEL_TRUE='#'
WITH_BUNDLED_ZOOKEEPER_FALSE='#'
WITH_BUNDLED_ZOOKEEPER_TRUE=''
WITH_NETWORK_ISOLATOR_FALSE=''
WITH_NETWORK_ISOLATOR_TRUE='#'
ac_ct_AR='ar'
ac_ct_CC='gcc'
ac_ct_CXX='g++'
ac_ct_DUMPBIN=''
acx_pthread_config=''
am__EXEEXT_FALSE=''
am__EXEEXT_TRUE='#'
am__fastdepCC_FALSE='#'
am__fastdepCC_TRUE=''
am__fastdepCXX_FALSE='#'
am__fastdepCXX_TRUE=''
am__include='include'
am__isrc=' -I$(srcdir)'
am__leading_dot='.'
am__nodep='_no'
am__quote=''
am__tar='$${TAR-tar} chof - "$$tardir"'
am__untar='$${TAR-tar} xf -'
bindir='${exec_prefix}/bin'
build='x86_64-apple-darwin14.1.0'
build_alias=''
build_cpu='x86_64'
build_os='darwin14.1.0'
build_vendor='apple'
datadir='${datarootdir}'
datarootdir='${prefix}/share'
docdir='${datarootdir}/doc/${PACKAGE_TARNAME}'
dvidir='${docdir}'
exec_prefix='${prefix}'
host='x86_64-apple-darwin14.1.0'
host_alias=''
host_cpu='x86_64'
host_os='darwin14.1.0'
host_vendor='apple'
htmldir='${docdir}'
includedir='${prefix}/include'
infodir='${datarootdir}/info'
install_sh='${SHELL} /Users/alex/src/mesos/install-sh'
libdir='${exec_prefix}/lib'
libexecdir='${exec_prefix}/libexec'
localedir='${datarootdir}/locale'
localstatedir='${prefix}/var'
mandir='${datarootdir}/man'
mkdir_p='$(MKDIR_P)'
oldincludedir='/usr/include'
pdfdir='${docdir}'
pkgpyexecdir=''
pkgpythondir=''
prefix='/usr/local'
program_transform_name='s,x,x,'
psdir='${docdir}'
pyexecdir=''
pythondir=''
sbindir='${exec_prefix}/sbin'
sharedstatedir='${prefix}/com'
subdirs=' 3rdparty/libprocess'
sysconfdir='${prefix}/etc'
target='x86_64-apple-darwin14.1.0'
target_alias=''
target_cpu='x86_64'
target_os='darwin14.1.0'
target_vendor='apple'

## ----------- ##
## confdefs.h. ##
## ----------- ##

/* confdefs.h */
#define PACKAGE_NAME "mesos"
#define PACKAGE_TARNAME "mesos"
#define PACKAGE_VERSION "0.23.0"
#define PACKAGE_STRING "mesos 0.23.0"
#define PACKAGE_BUGREPORT ""
#define PACKAGE_URL ""
#define PACKAGE "mesos"
#define VERSION "0.23.0"
#define STDC_HEADERS 1
#define HAVE_SYS_TYPES_H 1
#define HAVE_SYS_STAT_H 1
#define HAVE_STDLIB_H 1
#define HAVE_STRING_H 1
#define HAVE_MEMORY_H 1
#define HAVE_STRINGS_H 1
#define HAVE_INTTYPES_H 1
#define HAVE_STDINT_H 1
#define HAVE_UNISTD_H 1
#define HAVE_DLFCN_H 1
#define LT_OBJDIR ".libs/"
#define HAVE_PTHREAD 1
#define HAVE_LIBZ 1
#define HAVE_LIBCURL 1
#define HAVE_APR_POOLS_H 1
#define HAVE_LIBAPR_1 1
#define HAVE_SVN_VERSION_H 1
#define HAVE_LIBSVN_SUBR_1 1
#define HAVE_SVN_DELTA_H 1
#define HAVE_LIBSVN_DELTA_1 1
#define HAVE_LIBSASL2 1
#define MESOS_HAS_JAVA 1

configure: exit 0
