This file contains any messages produced by compilers while
running configure, to aid debugging if configure makes a mistake.

It was created by libprocess configure 0.0.1, which was
generated by GNU Autoconf 2.69.  Invocation command line was

  $ ../../../3rdparty/libprocess/configure --disable-option-checking --prefix=/usr/local --disable-python --enable-shared=no --with-pic --cache-file=/dev/null --srcdir=../../../3rdparty/libprocess

## --------- ##
## Platform. ##
## --------- ##

hostname = brickfruit.corp.microsoft.com
uname -m = x86_64
uname -r = 14.1.0
uname -s = Darwin
uname -v = Darwin Kernel Version 14.1.0: Thu Feb 26 19:26:47 PST 2015; root:xnu-2782.10.73~1/RELEASE_X86_64

/usr/bin/uname -p = i386
/bin/uname -X     = unknown

/bin/arch              = unknown
/usr/bin/arch -k       = unknown
/usr/convex/getsysinfo = unknown
/usr/bin/hostinfo      = Mach kernel version:
	 Darwin Kernel Version 14.1.0: Thu Feb 26 19:26:47 PST 2015; root:xnu-2782.10.73~1/RELEASE_X86_64
Kernel configured for up to 8 processors.
4 processors are physically available.
8 processors are logically available.
Processor type: x86_64h (Intel x86-64h Haswell)
Processors active: 0 1 2 3 4 5 6 7
Primary memory available: 16.00 gigabytes
Default processor set: 295 tasks, 1982 threads, 8 processors
Load average: 3.39, Mach factor: 4.60
/bin/machine           = unknown
/usr/bin/oslevel       = unknown
/bin/universe          = unknown

PATH: /Users/alex/src/google-cloud-sdk/bin
PATH: /usr/local/bin
PATH: /usr/bin
PATH: /bin
PATH: /usr/sbin
PATH: /sbin


## ----------- ##
## Core tests. ##
## ----------- ##

configure:2475: checking build system type
configure:2489: result: x86_64-apple-darwin14.1.0
configure:2509: checking host system type
configure:2522: result: x86_64-apple-darwin14.1.0
configure:2543: checking target system type
configure:2556: result: x86_64-apple-darwin14.1.0
configure:2611: checking for a BSD-compatible install
configure:2679: result: /usr/bin/install -c
configure:2690: checking whether build environment is sane
configure:2745: result: yes
configure:2896: checking for a thread-safe mkdir -p
configure:2935: result: ../../../3rdparty/libprocess/install-sh -c -d
configure:2942: checking for gawk
configure:2972: result: no
configure:2942: checking for mawk
configure:2972: result: no
configure:2942: checking for nawk
configure:2972: result: no
configure:2942: checking for awk
configure:2958: found /usr/bin/awk
configure:2969: result: awk
configure:2980: checking whether make sets $(MAKE)
configure:3002: result: yes
configure:3031: checking whether make supports nested variables
configure:3048: result: yes
configure:3188: checking for style of include used by make
configure:3216: result: GNU
configure:3287: checking for gcc
configure:3303: found /usr/bin/gcc
configure:3314: result: gcc
configure:3543: checking for C compiler version
configure:3552: gcc --version >&5
gcc (Homebrew gcc 4.9.2_1) 4.9.2
Copyright (C) 2014 Free Software Foundation, Inc.
This is free software; see the source for copying conditions.  There is NO
warranty; not even for MERCHANTABILITY or FITNESS FOR A PARTICULAR PURPOSE.

configure:3563: $? = 0
configure:3552: gcc -v >&5
Using built-in specs.
COLLECT_GCC=gcc
COLLECT_LTO_WRAPPER=/usr/local/Cellar/gcc/4.9.2_1/libexec/gcc/x86_64-apple-darwin14.0.0/4.9.2/lto-wrapper
Target: x86_64-apple-darwin14.0.0
Configured with: ../configure --build=x86_64-apple-darwin14.0.0 --prefix=/usr/local/Cellar/gcc/4.9.2_1 --libdir=/usr/local/Cellar/gcc/4.9.2_1/lib/gcc/4.9 --enable-languages=c,c++,objc,obj-c++,fortran --program-suffix=-4.9 --with-gmp=/usr/local/opt/gmp --with-mpfr=/usr/local/opt/mpfr --with-mpc=/usr/local/opt/libmpc --with-cloog=/usr/local/opt/cloog --with-isl=/usr/local/opt/isl --with-system-zlib --enable-libstdcxx-time=yes --enable-stage1-checking --enable-checking=release --enable-lto --disable-werror --with-pkgversion='Homebrew gcc 4.9.2_1' --with-bugurl=https://github.com/Homebrew/homebrew/issues --enable-plugin --disable-nls --enable-multilib
Thread model: posix
gcc version 4.9.2 (Homebrew gcc 4.9.2_1) 
configure:3563: $? = 0
configure:3552: gcc -V >&5
gcc: error: unrecognized command line option '-V'
gcc: fatal error: no input files
compilation terminated.
configure:3563: $? = 1
configure:3552: gcc -qversion >&5
gcc: error: unrecognized command line option '-qversion'
gcc: fatal error: no input files
compilation terminated.
configure:3563: $? = 1
configure:3583: checking whether the C compiler works
configure:3605: gcc    conftest.c  >&5
configure:3609: $? = 0
configure:3657: result: yes
configure:3660: checking for C compiler default output file name
configure:3662: result: a.out
configure:3668: checking for suffix of executables
configure:3675: gcc -o conftest    conftest.c  >&5
configure:3679: $? = 0
configure:3701: result: 
configure:3723: checking whether we are cross compiling
configure:3731: gcc -o conftest    conftest.c  >&5
configure:3735: $? = 0
configure:3742: ./conftest
configure:3746: $? = 0
configure:3761: result: no
configure:3766: checking for suffix of object files
configure:3788: gcc -c   conftest.c >&5
configure:3792: $? = 0
configure:3813: result: o
configure:3817: checking whether we are using the GNU C compiler
configure:3836: gcc -c   conftest.c >&5
configure:3836: $? = 0
configure:3845: result: yes
configure:3854: checking whether gcc accepts -g
configure:3874: gcc -c -g  conftest.c >&5
configure:3874: $? = 0
configure:3915: result: yes
configure:3932: checking for gcc option to accept ISO C89
configure:3995: gcc  -c -g -O2  conftest.c >&5
configure:3995: $? = 0
configure:4008: result: none needed
configure:4033: checking whether gcc understands -c and -o together
configure:4055: gcc -c conftest.c -o conftest2.o
configure:4058: $? = 0
configure:4055: gcc -c conftest.c -o conftest2.o
configure:4058: $? = 0
configure:4070: result: yes
configure:4089: checking dependency style of gcc
configure:4200: result: gcc3
configure:4265: checking for ar
configure:4281: found /usr/bin/ar
configure:4292: result: ar
configure:4318: checking the archiver (ar) interface
configure:4334: gcc -c -g -O2  conftest.c >&5
configure:4334: $? = 0
configure:4336: ar cru libconftest.a conftest.o >&5
configure:4339: $? = 0
configure:4367: result: ar
configure:4437: checking how to print strings
configure:4464: result: printf
configure:4485: checking for a sed that does not truncate output
configure:4549: result: /usr/bin/sed
configure:4567: checking for grep that handles long lines and -e
configure:4625: result: /usr/bin/grep
configure:4630: checking for egrep
configure:4692: result: /usr/bin/grep -E
configure:4697: checking for fgrep
configure:4759: result: /usr/bin/grep -F
configure:4794: checking for ld used by gcc
configure:4861: result: /usr/bin/ld
configure:4868: checking if the linker (/usr/bin/ld) is GNU ld
configure:4883: result: no
configure:4895: checking for BSD- or MS-compatible name lister (nm)
configure:4949: result: /usr/bin/nm
configure:5079: checking the name lister (/usr/bin/nm) interface
configure:5086:  -c   conftest.cpp >&5
../../../3rdparty/libprocess/configure: line 5087: -c: command not found
configure:5089: /usr/bin/nm "conftest.o"
error: /Library/Developer/CommandLineTools/usr/bin/nm: can't open file: conftest.o (No such file or directory)
configure:5092: output
configure:5099: result: BSD nm
configure:5102: checking whether ln -s works
configure:5106: result: yes
configure:5114: checking the maximum length of command line arguments
configure:5245: result: 196608
configure:5293: checking how to convert x86_64-apple-darwin14.1.0 file names to x86_64-apple-darwin14.1.0 format
configure:5333: result: func_convert_file_noop
configure:5340: checking how to convert x86_64-apple-darwin14.1.0 file names to toolchain format
configure:5360: result: func_convert_file_noop
configure:5367: checking for /usr/bin/ld option to reload object files
configure:5374: result: -r
configure:5448: checking for objdump
configure:5478: result: no
configure:5507: checking how to recognize dependent libraries
configure:5707: result: pass_all
configure:5792: checking for dlltool
configure:5822: result: no
configure:5852: checking how to associate runtime and link libraries
configure:5879: result: printf %s\n
configure:5948: checking for g++
configure:5964: found /usr/bin/g++
configure:5975: result: g++
configure:6002: checking for C++ compiler version
configure:6011: g++ --version >&5
g++ (Homebrew gcc 4.9.2_1) 4.9.2
Copyright (C) 2014 Free Software Foundation, Inc.
This is free software; see the source for copying conditions.  There is NO
warranty; not even for MERCHANTABILITY or FITNESS FOR A PARTICULAR PURPOSE.

configure:6022: $? = 0
configure:6011: g++ -v >&5
Using built-in specs.
COLLECT_GCC=g++
COLLECT_LTO_WRAPPER=/usr/local/Cellar/gcc/4.9.2_1/libexec/gcc/x86_64-apple-darwin14.0.0/4.9.2/lto-wrapper
Target: x86_64-apple-darwin14.0.0
Configured with: ../configure --build=x86_64-apple-darwin14.0.0 --prefix=/usr/local/Cellar/gcc/4.9.2_1 --libdir=/usr/local/Cellar/gcc/4.9.2_1/lib/gcc/4.9 --enable-languages=c,c++,objc,obj-c++,fortran --program-suffix=-4.9 --with-gmp=/usr/local/opt/gmp --with-mpfr=/usr/local/opt/mpfr --with-mpc=/usr/local/opt/libmpc --with-cloog=/usr/local/opt/cloog --with-isl=/usr/local/opt/isl --with-system-zlib --enable-libstdcxx-time=yes --enable-stage1-checking --enable-checking=release --enable-lto --disable-werror --with-pkgversion='Homebrew gcc 4.9.2_1' --with-bugurl=https://github.com/Homebrew/homebrew/issues --enable-plugin --disable-nls --enable-multilib
Thread model: posix
gcc version 4.9.2 (Homebrew gcc 4.9.2_1) 
configure:6022: $? = 0
configure:6011: g++ -V >&5
g++: error: unrecognized command line option '-V'
g++: fatal error: no input files
compilation terminated.
configure:6022: $? = 1
configure:6011: g++ -qversion >&5
g++: error: unrecognized command line option '-qversion'
g++: fatal error: no input files
compilation terminated.
configure:6022: $? = 1
configure:6026: checking whether we are using the GNU C++ compiler
configure:6045: g++ -c   conftest.cpp >&5
configure:6045: $? = 0
configure:6054: result: yes
configure:6063: checking whether g++ accepts -g
configure:6083: g++ -c -g  conftest.cpp >&5
configure:6083: $? = 0
configure:6124: result: yes
configure:6149: checking dependency style of g++
configure:6260: result: gcc3
configure:6389: checking for archiver @FILE support
configure:6406: g++ -c -g -O2  conftest.cpp >&5
configure:6406: $? = 0
configure:6409: ar cru libconftest.a @conftest.lst >&5
ar: @conftest.lst: No such file or directory
configure:6412: $? = 1
configure:6432: result: no
configure:6490: checking for strip
configure:6506: found /usr/bin/strip
configure:6517: result: strip
configure:6589: checking for ranlib
configure:6605: found /usr/bin/ranlib
configure:6616: result: ranlib
configure:6718: checking command to parse /usr/bin/nm output from gcc object
configure:6871: g++ -c -g -O2  conftest.cpp >&5
configure:6874: $? = 0
configure:6878: /usr/bin/nm conftest.o \| sed -n -e 's/^.*[ ]\([BCDEGRST][BCDEGRST]*\)[ ][ ]*\([_A-Za-z][_A-Za-z0-9]*\)$/\1 \2 \2/p' | sed '/ __gnu_lto/d' \> conftest.nm
configure:6881: $? = 0
cannot find nm_test_var in conftest.nm
configure:6871: g++ -c -g -O2  conftest.cpp >&5
configure:6874: $? = 0
configure:6878: /usr/bin/nm conftest.o \| sed -n -e 's/^.*[ ]\([BCDEGRST][BCDEGRST]*\)[ ][ ]*_\([_A-Za-z][_A-Za-z0-9]*\)$/\1 _\2 \2/p' | sed '/ __gnu_lto/d' \> conftest.nm
configure:6881: $? = 0
configure:6947: g++ -o conftest -g -O2   conftest.cpp conftstm.o >&5
configure:6950: $? = 0
configure:6988: result: ok
configure:7035: checking for sysroot
configure:7065: result: no
configure:7072: checking for a working dd
configure:7110: result: /bin/dd
configure:7114: checking how to truncate binary pipes
configure:7129: result: /bin/dd bs=4096 count=1
configure:7458: checking for mt
configure:7488: result: no
configure:7508: checking if : is a manifest tool
configure:7514: : '-?'
configure:7522: result: no
configure:7578: checking for dsymutil
configure:7594: found /usr/bin/dsymutil
configure:7605: result: dsymutil
configure:7670: checking for nmedit
configure:7686: found /usr/bin/nmedit
configure:7697: result: nmedit
configure:7762: checking for lipo
configure:7778: found /usr/bin/lipo
configure:7789: result: lipo
configure:7854: checking for otool
configure:7870: found /usr/bin/otool
configure:7881: result: otool
configure:7946: checking for otool64
configure:7976: result: no
configure:8021: checking for -single_module linker flag
gcc -g -O2  -o libconftest.dylib -dynamiclib -Wl,-single_module conftest.c
configure:8054: result: yes
configure:8057: checking for -exported_symbols_list linker flag
configure:8077: g++ -o conftest -g -O2   -Wl,-exported_symbols_list,conftest.sym conftest.cpp  >&5
configure:8077: $? = 0
configure:8087: result: yes
configure:8090: checking for -force_load linker flag
gcc -g -O2 -c -o conftest.o conftest.c
ar cru libconftest.a conftest.o
ranlib libconftest.a
gcc -g -O2  -o conftest conftest.c -Wl,-force_load,./libconftest.a
configure:8122: result: yes
configure:8199: checking how to run the C preprocessor
configure:8230: gcc -E  conftest.c
configure:8230: $? = 0
configure:8244: gcc -E  conftest.c
conftest.c:11:28: fatal error: ac_nonexistent.h: No such file or directory
 #include <ac_nonexistent.h>
                            ^
compilation terminated.
configure:8244: $? = 1
configure: failed program was:
| /* confdefs.h */
| #define PACKAGE_NAME "libprocess"
| #define PACKAGE_TARNAME "libprocess"
| #define PACKAGE_VERSION "0.0.1"
| #define PACKAGE_STRING "libprocess 0.0.1"
| #define PACKAGE_BUGREPORT ""
| #define PACKAGE_URL ""
| #define PACKAGE "libprocess"
| #define VERSION "0.0.1"
| /* end confdefs.h.  */
| #include <ac_nonexistent.h>
configure:8269: result: gcc -E
configure:8289: gcc -E  conftest.c
configure:8289: $? = 0
configure:8303: gcc -E  conftest.c
conftest.c:11:28: fatal error: ac_nonexistent.h: No such file or directory
 #include <ac_nonexistent.h>
                            ^
compilation terminated.
configure:8303: $? = 1
configure: failed program was:
| /* confdefs.h */
| #define PACKAGE_NAME "libprocess"
| #define PACKAGE_TARNAME "libprocess"
| #define PACKAGE_VERSION "0.0.1"
| #define PACKAGE_STRING "libprocess 0.0.1"
| #define PACKAGE_BUGREPORT ""
| #define PACKAGE_URL ""
| #define PACKAGE "libprocess"
| #define VERSION "0.0.1"
| /* end confdefs.h.  */
| #include <ac_nonexistent.h>
configure:8332: checking for ANSI C header files
configure:8352: gcc -c -g -O2  conftest.c >&5
configure:8352: $? = 0
configure:8425: gcc -o conftest -g -O2   conftest.c  >&5
configure:8425: $? = 0
configure:8425: ./conftest
configure:8425: $? = 0
configure:8436: result: yes
configure:8449: checking for sys/types.h
configure:8449: gcc -c -g -O2  conftest.c >&5
configure:8449: $? = 0
configure:8449: result: yes
configure:8449: checking for sys/stat.h
configure:8449: gcc -c -g -O2  conftest.c >&5
configure:8449: $? = 0
configure:8449: result: yes
configure:8449: checking for stdlib.h
configure:8449: gcc -c -g -O2  conftest.c >&5
configure:8449: $? = 0
configure:8449: result: yes
configure:8449: checking for string.h
configure:8449: gcc -c -g -O2  conftest.c >&5
configure:8449: $? = 0
configure:8449: result: yes
configure:8449: checking for memory.h
configure:8449: gcc -c -g -O2  conftest.c >&5
configure:8449: $? = 0
configure:8449: result: yes
configure:8449: checking for strings.h
configure:8449: gcc -c -g -O2  conftest.c >&5
configure:8449: $? = 0
configure:8449: result: yes
configure:8449: checking for inttypes.h
configure:8449: gcc -c -g -O2  conftest.c >&5
configure:8449: $? = 0
configure:8449: result: yes
configure:8449: checking for stdint.h
configure:8449: gcc -c -g -O2  conftest.c >&5
configure:8449: $? = 0
configure:8449: result: yes
configure:8449: checking for unistd.h
configure:8449: gcc -c -g -O2  conftest.c >&5
configure:8449: $? = 0
configure:8449: result: yes
configure:8463: checking for dlfcn.h
configure:8463: gcc -c -g -O2  conftest.c >&5
configure:8463: $? = 0
configure:8463: result: yes
configure:8729: checking for objdir
configure:8744: result: .libs
configure:9008: checking if gcc supports -fno-rtti -fno-exceptions
configure:9026: gcc -c -g -O2  -fno-rtti -fno-exceptions conftest.c >&5
cc1: warning: command line option '-fno-rtti' is valid for C++/ObjC++ but not for C
configure:9030: $? = 0
configure:9043: result: no
configure:9401: checking for gcc option to produce PIC
configure:9408: result: -fno-common -DPIC
configure:9416: checking if gcc PIC flag -fno-common -DPIC works
configure:9434: gcc -c -g -O2  -fno-common -DPIC -DPIC conftest.c >&5
configure:9438: $? = 0
configure:9451: result: yes
configure:9480: checking if gcc static flag -static works
configure:9508: result: no
configure:9523: checking if gcc supports -c -o file.o
configure:9544: gcc -c -g -O2  -o out/conftest2.o conftest.c >&5
configure:9548: $? = 0
configure:9570: result: yes
configure:9578: checking if gcc supports -c -o file.o
configure:9625: result: yes
configure:9658: checking whether the gcc linker (/usr/bin/ld) supports shared libraries
configure:10917: result: yes
configure:11157: checking dynamic linker characteristics
configure:11975: result: darwin14.1.0 dyld
configure:12097: checking how to hardcode library paths into programs
configure:12122: result: immediate
configure:12670: checking whether stripping libraries is possible
configure:12684: result: yes
configure:12710: checking if libtool supports shared libraries
configure:12712: result: yes
configure:12715: checking whether to build shared libraries
configure:12740: result: no
configure:12743: checking whether to build static libraries
configure:12747: result: yes
configure:12770: checking how to run the C++ preprocessor
configure:12797: g++ -E  conftest.cpp
configure:12797: $? = 0
configure:12811: g++ -E  conftest.cpp
conftest.cpp:23:28: fatal error: ac_nonexistent.h: No such file or directory
 #include <ac_nonexistent.h>
                            ^
compilation terminated.
configure:12811: $? = 1
configure: failed program was:
| /* confdefs.h */
| #define PACKAGE_NAME "libprocess"
| #define PACKAGE_TARNAME "libprocess"
| #define PACKAGE_VERSION "0.0.1"
| #define PACKAGE_STRING "libprocess 0.0.1"
| #define PACKAGE_BUGREPORT ""
| #define PACKAGE_URL ""
| #define PACKAGE "libprocess"
| #define VERSION "0.0.1"
| #define STDC_HEADERS 1
| #define HAVE_SYS_TYPES_H 1
| #define HAVE_SYS_STAT_H 1
| #define HAVE_STDLIB_H 1
| #define HAVE_STRING_H 1
| #define HAVE_MEMORY_H 1
| #define HAVE_STRINGS_H 1
| #define HAVE_INTTYPES_H 1
| #define HAVE_STDINT_H 1
| #define HAVE_UNISTD_H 1
| #define HAVE_DLFCN_H 1
| #define LT_OBJDIR ".libs/"
| /* end confdefs.h.  */
| #include <ac_nonexistent.h>
configure:12836: result: g++ -E
configure:12856: g++ -E  conftest.cpp
configure:12856: $? = 0
configure:12870: g++ -E  conftest.cpp
conftest.cpp:23:28: fatal error: ac_nonexistent.h: No such file or directory
 #include <ac_nonexistent.h>
                            ^
compilation terminated.
configure:12870: $? = 1
configure: failed program was:
| /* confdefs.h */
| #define PACKAGE_NAME "libprocess"
| #define PACKAGE_TARNAME "libprocess"
| #define PACKAGE_VERSION "0.0.1"
| #define PACKAGE_STRING "libprocess 0.0.1"
| #define PACKAGE_BUGREPORT ""
| #define PACKAGE_URL ""
| #define PACKAGE "libprocess"
| #define VERSION "0.0.1"
| #define STDC_HEADERS 1
| #define HAVE_SYS_TYPES_H 1
| #define HAVE_SYS_STAT_H 1
| #define HAVE_STDLIB_H 1
| #define HAVE_STRING_H 1
| #define HAVE_MEMORY_H 1
| #define HAVE_STRINGS_H 1
| #define HAVE_INTTYPES_H 1
| #define HAVE_STDINT_H 1
| #define HAVE_UNISTD_H 1
| #define HAVE_DLFCN_H 1
| #define LT_OBJDIR ".libs/"
| /* end confdefs.h.  */
| #include <ac_nonexistent.h>
configure:13032: checking for ld used by g++
configure:13099: result: /usr/bin/ld
configure:13106: checking if the linker (/usr/bin/ld) is GNU ld
configure:13121: result: no
configure:13176: checking whether the g++ linker (/usr/bin/ld) supports shared libraries
configure:14249: result: yes
configure:14285: g++ -c -g -O2  conftest.cpp >&5
configure:14288: $? = 0
configure:14769: checking for g++ option to produce PIC
configure:14776: result: -fno-common -DPIC
configure:14784: checking if g++ PIC flag -fno-common -DPIC works
configure:14802: g++ -c -g -O2  -fno-common -DPIC -DPIC conftest.cpp >&5
configure:14806: $? = 0
configure:14819: result: yes
configure:14842: checking if g++ static flag -static works
configure:14870: result: no
configure:14882: checking if g++ supports -c -o file.o
configure:14903: g++ -c -g -O2  -o out/conftest2.o conftest.cpp >&5
configure:14907: $? = 0
configure:14929: result: yes
configure:14934: checking if g++ supports -c -o file.o
configure:14981: result: yes
configure:15011: checking whether the g++ linker (/usr/bin/ld) supports shared libraries
configure:15051: result: yes
configure:15192: checking dynamic linker characteristics
configure:15937: result: darwin14.1.0 dyld
configure:16002: checking how to hardcode library paths into programs
configure:16027: result: immediate
configure:16090: creating ./config.lt

## ------------------ ##
## Running config.lt. ##
## ------------------ ##
config.lt:680: creating libtool
configure:17853: checking apr_pools.h usability
configure:17853: g++ -c -g -O2 -I/usr/include/apr-1 -I/usr/include/apr-1.0  conftest.cpp >&5
configure:17853: $? = 0
configure:17853: result: yes
configure:17853: checking apr_pools.h presence
configure:17853: g++ -E -I/usr/include/apr-1 -I/usr/include/apr-1.0  conftest.cpp
configure:17853: $? = 0
configure:17853: result: yes
configure:17853: checking for apr_pools.h
configure:17853: result: yes
configure:17858: checking for apr_initialize in -lapr-1
configure:17883: g++ -o conftest -g -O2 -I/usr/include/apr-1 -I/usr/include/apr-1.0   conftest.cpp -lapr-1   >&5
configure:17883: $? = 0
configure:17892: result: yes
configure:17941: checking svn_version.h usability
configure:17941: g++ -c -g -O2 -I/usr/local/opt/subversion/include/subversion-1 -I/usr/include/apr-1 -I/usr/include/apr-1.0  conftest.cpp >&5
configure:17941: $? = 0
configure:17941: result: yes
configure:17941: checking svn_version.h presence
configure:17941: g++ -E -I/usr/local/opt/subversion/include/subversion-1 -I/usr/include/apr-1 -I/usr/include/apr-1.0  conftest.cpp
configure:17941: $? = 0
configure:17941: result: yes
configure:17941: checking for svn_version.h
configure:17941: result: yes
configure:17946: checking for svn_stringbuf_create_ensure in -lsvn_subr-1
configure:17971: g++ -o conftest -g -O2 -I/usr/local/opt/subversion/include/subversion-1 -I/usr/include/apr-1 -I/usr/include/apr-1.0  -L/usr/local/opt/subversion/lib  conftest.cpp -lsvn_subr-1  -lapr-1  >&5
configure:17971: $? = 0
configure:17980: result: yes
configure:18010: checking svn_delta.h usability
configure:18010: g++ -c -g -O2 -I/usr/local/opt/subversion/include/subversion-1 -I/usr/include/apr-1 -I/usr/include/apr-1.0  conftest.cpp >&5
configure:18010: $? = 0
configure:18010: result: yes
configure:18010: checking svn_delta.h presence
configure:18010: g++ -E -I/usr/local/opt/subversion/include/subversion-1 -I/usr/include/apr-1 -I/usr/include/apr-1.0  conftest.cpp
configure:18010: $? = 0
configure:18010: result: yes
configure:18010: checking for svn_delta.h
configure:18010: result: yes
configure:18015: checking for svn_txdelta in -lsvn_delta-1
configure:18040: g++ -o conftest -g -O2 -I/usr/local/opt/subversion/include/subversion-1 -I/usr/include/apr-1 -I/usr/include/apr-1.0  -L/usr/local/opt/subversion/lib  conftest.cpp -lsvn_delta-1  -lsvn_subr-1 -lapr-1  >&5
configure:18040: $? = 0
configure:18049: result: yes
configure:18346: checking for curl_global_init in -lcurl
configure:18371: g++ -o conftest -g -O2 -I/usr/local/opt/subversion/include/subversion-1 -I/usr/include/apr-1 -I/usr/include/apr-1.0  -L/usr/local/opt/subversion/lib  conftest.cpp -lcurl  -lsvn_delta-1 -lsvn_subr-1 -lapr-1  >&5
configure:18371: $? = 0
configure:18380: result: yes
configure:18884: checking for C++ compiler version
configure:18893: g++ --version >&5
g++ (Homebrew gcc 4.9.2_1) 4.9.2
Copyright (C) 2014 Free Software Foundation, Inc.
This is free software; see the source for copying conditions.  There is NO
warranty; not even for MERCHANTABILITY or FITNESS FOR A PARTICULAR PURPOSE.

configure:18904: $? = 0
configure:18893: g++ -v >&5
Using built-in specs.
COLLECT_GCC=g++
COLLECT_LTO_WRAPPER=/usr/local/Cellar/gcc/4.9.2_1/libexec/gcc/x86_64-apple-darwin14.0.0/4.9.2/lto-wrapper
Target: x86_64-apple-darwin14.0.0
Configured with: ../configure --build=x86_64-apple-darwin14.0.0 --prefix=/usr/local/Cellar/gcc/4.9.2_1 --libdir=/usr/local/Cellar/gcc/4.9.2_1/lib/gcc/4.9 --enable-languages=c,c++,objc,obj-c++,fortran --program-suffix=-4.9 --with-gmp=/usr/local/opt/gmp --with-mpfr=/usr/local/opt/mpfr --with-mpc=/usr/local/opt/libmpc --with-cloog=/usr/local/opt/cloog --with-isl=/usr/local/opt/isl --with-system-zlib --enable-libstdcxx-time=yes --enable-stage1-checking --enable-checking=release --enable-lto --disable-werror --with-pkgversion='Homebrew gcc 4.9.2_1' --with-bugurl=https://github.com/Homebrew/homebrew/issues --enable-plugin --disable-nls --enable-multilib
Thread model: posix
gcc version 4.9.2 (Homebrew gcc 4.9.2_1) 
configure:18904: $? = 0
configure:18893: g++ -V >&5
g++: error: unrecognized command line option '-V'
g++: fatal error: no input files
compilation terminated.
configure:18904: $? = 1
configure:18893: g++ -qversion >&5
g++: error: unrecognized command line option '-qversion'
g++: fatal error: no input files
compilation terminated.
configure:18904: $? = 1
configure:18908: checking whether we are using the GNU C++ compiler
configure:18936: result: yes
configure:18945: checking whether g++ accepts -g
configure:19006: result: yes
configure:19031: checking dependency style of g++
configure:19142: result: gcc3
configure:19269: checking for C compiler version
configure:19278: gcc --version >&5
gcc (Homebrew gcc 4.9.2_1) 4.9.2
Copyright (C) 2014 Free Software Foundation, Inc.
This is free software; see the source for copying conditions.  There is NO
warranty; not even for MERCHANTABILITY or FITNESS FOR A PARTICULAR PURPOSE.

configure:19289: $? = 0
configure:19278: gcc -v >&5
Using built-in specs.
COLLECT_GCC=gcc
COLLECT_LTO_WRAPPER=/usr/local/Cellar/gcc/4.9.2_1/libexec/gcc/x86_64-apple-darwin14.0.0/4.9.2/lto-wrapper
Target: x86_64-apple-darwin14.0.0
Configured with: ../configure --build=x86_64-apple-darwin14.0.0 --prefix=/usr/local/Cellar/gcc/4.9.2_1 --libdir=/usr/local/Cellar/gcc/4.9.2_1/lib/gcc/4.9 --enable-languages=c,c++,objc,obj-c++,fortran --program-suffix=-4.9 --with-gmp=/usr/local/opt/gmp --with-mpfr=/usr/local/opt/mpfr --with-mpc=/usr/local/opt/libmpc --with-cloog=/usr/local/opt/cloog --with-isl=/usr/local/opt/isl --with-system-zlib --enable-libstdcxx-time=yes --enable-stage1-checking --enable-checking=release --enable-lto --disable-werror --with-pkgversion='Homebrew gcc 4.9.2_1' --with-bugurl=https://github.com/Homebrew/homebrew/issues --enable-plugin --disable-nls --enable-multilib
Thread model: posix
gcc version 4.9.2 (Homebrew gcc 4.9.2_1) 
configure:19289: $? = 0
configure:19278: gcc -V >&5
gcc: error: unrecognized command line option '-V'
gcc: fatal error: no input files
compilation terminated.
configure:19289: $? = 1
configure:19278: gcc -qversion >&5
gcc: error: unrecognized command line option '-qversion'
gcc: fatal error: no input files
compilation terminated.
configure:19289: $? = 1
configure:19293: checking whether we are using the GNU C compiler
configure:19321: result: yes
configure:19330: checking whether gcc accepts -g
configure:19391: result: yes
configure:19408: checking for gcc option to accept ISO C89
configure:19484: result: none needed
configure:19509: checking whether gcc understands -c and -o together
configure:19546: result: yes
configure:19565: checking dependency style of gcc
configure:19676: result: gcc3
configure:19876: checking if compiling with clang
configure:19900: g++ -c -g1 -O0 -I/usr/local/opt/subversion/include/subversion-1 -I/usr/include/apr-1 -I/usr/include/apr-1.0  conftest.cpp >&5
conftest.cpp:36:2: error: #error Force the compiler to fail and set CLANG=no.
 #error Force the compiler to fail and set CLANG=no.
  ^
configure:19900: $? = 1
configure: failed program was:
| /* confdefs.h */
| #define PACKAGE_NAME "libprocess"
| #define PACKAGE_TARNAME "libprocess"
| #define PACKAGE_VERSION "0.0.1"
| #define PACKAGE_STRING "libprocess 0.0.1"
| #define PACKAGE_BUGREPORT ""
| #define PACKAGE_URL ""
| #define PACKAGE "libprocess"
| #define VERSION "0.0.1"
| #define STDC_HEADERS 1
| #define HAVE_SYS_TYPES_H 1
| #define HAVE_SYS_STAT_H 1
| #define HAVE_STDLIB_H 1
| #define HAVE_STRING_H 1
| #define HAVE_MEMORY_H 1
| #define HAVE_STRINGS_H 1
| #define HAVE_INTTYPES_H 1
| #define HAVE_STDINT_H 1
| #define HAVE_UNISTD_H 1
| #define HAVE_DLFCN_H 1
| #define LT_OBJDIR ".libs/"
| #define HAVE_APR_POOLS_H 1
| #define HAVE_LIBAPR_1 1
| #define HAVE_SVN_VERSION_H 1
| #define HAVE_LIBSVN_SUBR_1 1
| #define HAVE_SVN_DELTA_H 1
| #define HAVE_LIBSVN_DELTA_1 1
| #define HAVE_LIBCURL 1
| /* end confdefs.h.  */
| 
| int
| main ()
| {
| 
| #ifndef __clang__
| #error Force the compiler to fail and set CLANG=no.
| #endif
| 
|   ;
|   return 0;
| }
configure:19913: result: no
configure:19928: GCC version: 4.9.2
configure:19970: Setting up CXXFLAGS for g++ version >= 4.8
configure:20038: checking whether g++ supports C++11 features by default
configure:20106: g++ -c -g1 -O0 -Wno-unused-local-typedefs -I/usr/local/opt/subversion/include/subversion-1 -I/usr/include/apr-1 -I/usr/include/apr-1.0  conftest.cpp >&5
In file included from /usr/local/Cellar/gcc/4.9.2_1/include/c++/4.9.2/mutex:35:0,
                 from conftest.cpp:32:
/usr/local/Cellar/gcc/4.9.2_1/include/c++/4.9.2/bits/c++0x_warning.h:32:2: error: #error This file requires compiler and library support for the ISO C++ 2011 standard. This support is currently experimental, and must be enabled with the -std=c++11 or -std=gnu++11 compiler options.
 #error This file requires compiler and library support for the \
  ^
conftest.cpp:37:21: error: expected identifier before 'sizeof'
       static_assert(sizeof(int) <= sizeof(T), "not big enough");
                     ^
conftest.cpp:37:21: error: expected ',' or '...' before 'sizeof'
conftest.cpp:37:63: error: ISO C++ forbids declaration of 'static_assert' with no type [-fpermissive]
       static_assert(sizeof(int) <= sizeof(T), "not big enough");
                                                               ^
conftest.cpp:40:27: error: '>>' should be '> >' within a nested template argument list
   typedef check<check<bool>> right_angle_brackets;
                           ^
conftest.cpp:43:11: error: expected constructor, destructor, or type conversion before '(' token
   decltype(a) b;
           ^
conftest.cpp:47:13: error: expected unqualified-id before '&&' token
   check_type&& cr = static_cast<check_type&&>(c);
             ^
conftest.cpp:49:8: error: 'd' does not name a type
   auto d = a;
        ^
conftest.cpp:51:11: error: 'unique_ptr' is not a member of 'std'
   int foo(std::unique_ptr<int> i)
           ^
conftest.cpp:51:27: error: expected primary-expression before 'int'
   int foo(std::unique_ptr<int> i)
                           ^
conftest.cpp:52:3: error: expected ',' or ';' before '{' token
   {
   ^
conftest.cpp:56:8: error: 'unique_ptr' in namespace 'std' does not name a template type
   std::unique_ptr<int> i(new int());
        ^
conftest.cpp:57:15: error: 'move' is not a member of 'std'
   int j = foo(std::move(i));
               ^
conftest.cpp:57:25: error: 'i' was not declared in this scope
   int j = foo(std::move(i));
                         ^
conftest.cpp:57:27: error: 'foo' cannot be used as a function
   int j = foo(std::move(i));
                           ^
conftest.cpp:59:8: error: 'shared_ptr' in namespace 'std' does not name a template type
   std::shared_ptr<int> k = std::make_shared<int>(2);
        ^
conftest.cpp: In function 'void mutexTest()':
conftest.cpp:63:5: error: 'mutex' is not a member of 'std'
     std::mutex mutex;
     ^
conftest.cpp:66:7: error: 'lock_guard' is not a member of 'std'
       std::lock_guard<std::mutex> lockGuard(mutex);
       ^
conftest.cpp:66:23: error: 'mutex' is not a member of 'std'
       std::lock_guard<std::mutex> lockGuard(mutex);
                       ^
conftest.cpp:66:45: error: 'mutex' was not declared in this scope
       std::lock_guard<std::mutex> lockGuard(mutex);
                                             ^
conftest.cpp:66:50: error: 'lockGuard' was not declared in this scope
       std::lock_guard<std::mutex> lockGuard(mutex);
                                                  ^
conftest.cpp:72:7: error: 'unique_lock' is not a member of 'std'
       std::unique_lock<std::mutex> uniqueLock(mutex);
       ^
conftest.cpp:72:24: error: 'mutex' is not a member of 'std'
       std::unique_lock<std::mutex> uniqueLock(mutex);
                        ^
conftest.cpp:72:47: error: 'mutex' was not declared in this scope
       std::unique_lock<std::mutex> uniqueLock(mutex);
                                               ^
conftest.cpp:72:52: error: 'uniqueLock' was not declared in this scope
       std::unique_lock<std::mutex> uniqueLock(mutex);
                                                    ^
conftest.cpp: At global scope:
conftest.cpp:78:60: error: expected template-name before '<' token
   struct SharedStruct : public std::enable_shared_from_this<SharedStruct>
                                                            ^
conftest.cpp:78:60: error: expected '{' before '<' token
conftest.cpp:78:60: error: expected unqualified-id before '<' token
configure:20106: $? = 1
configure: failed program was:
| /* confdefs.h */
| #define PACKAGE_NAME "libprocess"
| #define PACKAGE_TARNAME "libprocess"
| #define PACKAGE_VERSION "0.0.1"
| #define PACKAGE_STRING "libprocess 0.0.1"
| #define PACKAGE_BUGREPORT ""
| #define PACKAGE_URL ""
| #define PACKAGE "libprocess"
| #define VERSION "0.0.1"
| #define STDC_HEADERS 1
| #define HAVE_SYS_TYPES_H 1
| #define HAVE_SYS_STAT_H 1
| #define HAVE_STDLIB_H 1
| #define HAVE_STRING_H 1
| #define HAVE_MEMORY_H 1
| #define HAVE_STRINGS_H 1
| #define HAVE_INTTYPES_H 1
| #define HAVE_STDINT_H 1
| #define HAVE_UNISTD_H 1
| #define HAVE_DLFCN_H 1
| #define LT_OBJDIR ".libs/"
| #define HAVE_APR_POOLS_H 1
| #define HAVE_LIBAPR_1 1
| #define HAVE_SVN_VERSION_H 1
| #define HAVE_LIBSVN_SUBR_1 1
| #define HAVE_SVN_DELTA_H 1
| #define HAVE_LIBSVN_DELTA_1 1
| #define HAVE_LIBCURL 1
| /* end confdefs.h.  */
| 
|   #include <memory>
|   #include <mutex>
| 
|   template <typename T>
|     struct check
|     {
|       static_assert(sizeof(int) <= sizeof(T), "not big enough");
|     };
| 
|   typedef check<check<bool>> right_angle_brackets;
| 
|   int a;
|   decltype(a) b;
| 
|   typedef check<int> check_type;
|   check_type c;
|   check_type&& cr = static_cast<check_type&&>(c);
| 
|   auto d = a;
| 
|   int foo(std::unique_ptr<int> i)
|   {
|     return *i + 42;
|   }
| 
|   std::unique_ptr<int> i(new int());
|   int j = foo(std::move(i));
| 
|   std::shared_ptr<int> k = std::make_shared<int>(2);
| 
|   void mutexTest()
|   {
|     std::mutex mutex;
|     {
|       // Scope of lockGuard.
|       std::lock_guard<std::mutex> lockGuard(mutex);
|       // End scope of lockGuard.
|     }
| 
|     {
|       // Scope of uniqueLock.
|       std::unique_lock<std::mutex> uniqueLock(mutex);
|       // End scope of uniqueLock.
|     }
|   }
| 
|   // Check for std::enable_shared_from_this.
|   struct SharedStruct : public std::enable_shared_from_this<SharedStruct>
|   {
|     std::shared_ptr<SharedStruct> get()
|     {
|       return shared_from_this();
|     }
|   };
| 
|   // Construct a new shared_ptr using shared_from_this().
|   std::shared_ptr<SharedStruct> object =
|     std::shared_ptr<SharedStruct>(new SharedStruct())->get();
| 
configure:20113: result: no
configure:20125: checking whether g++ supports C++11 features with -std=c++11
configure:20195: g++ -c -g1 -O0 -Wno-unused-local-typedefs -std=c++11 -I/usr/local/opt/subversion/include/subversion-1 -I/usr/include/apr-1 -I/usr/include/apr-1.0  conftest.cpp >&5
configure:20195: $? = 0
configure:20204: result: yes
configure:20263: g++ -c -g1 -O0 -Wno-unused-local-typedefs -std=c++11 -I/usr/local/opt/subversion/include/subversion-1 -I/usr/include/apr-1 -I/usr/include/apr-1.0  conftest.cpp >&5
configure:20263: $? = 0
configure:20477: checking for the pthreads library -lpthreads
configure:20510: gcc -o conftest -g1 -O0 -Wno-unused-local-typedefs  -I/usr/local/opt/subversion/include/subversion-1 -I/usr/include/apr-1 -I/usr/include/apr-1.0  -L/usr/local/opt/subversion/lib  conftest.c -lpthreads -lcurl -lsvn_delta-1 -lsvn_subr-1 -lapr-1  >&5
ld: library not found for -lpthreads
collect2: error: ld returned 1 exit status
configure:20510: $? = 1
configure: failed program was:
| /* confdefs.h */
| #define PACKAGE_NAME "libprocess"
| #define PACKAGE_TARNAME "libprocess"
| #define PACKAGE_VERSION "0.0.1"
| #define PACKAGE_STRING "libprocess 0.0.1"
| #define PACKAGE_BUGREPORT ""
| #define PACKAGE_URL ""
| #define PACKAGE "libprocess"
| #define VERSION "0.0.1"
| #define STDC_HEADERS 1
| #define HAVE_SYS_TYPES_H 1
| #define HAVE_SYS_STAT_H 1
| #define HAVE_STDLIB_H 1
| #define HAVE_STRING_H 1
| #define HAVE_MEMORY_H 1
| #define HAVE_STRINGS_H 1
| #define HAVE_INTTYPES_H 1
| #define HAVE_STDINT_H 1
| #define HAVE_UNISTD_H 1
| #define HAVE_DLFCN_H 1
| #define LT_OBJDIR ".libs/"
| #define HAVE_APR_POOLS_H 1
| #define HAVE_LIBAPR_1 1
| #define HAVE_SVN_VERSION_H 1
| #define HAVE_LIBSVN_SUBR_1 1
| #define HAVE_SVN_DELTA_H 1
| #define HAVE_LIBSVN_DELTA_1 1
| #define HAVE_LIBCURL 1
| /* end confdefs.h.  */
| #include <pthread.h>
| int
| main ()
| {
| pthread_t th; pthread_join(th, 0);
|                      pthread_attr_init(0); pthread_cleanup_push(0, 0);
|                      pthread_create(0,0,0,0); pthread_cleanup_pop(0);
|   ;
|   return 0;
| }
configure:20519: result: no
configure:20422: checking whether pthreads work without any flags
configure:20510: gcc -o conftest -g1 -O0 -Wno-unused-local-typedefs  -I/usr/local/opt/subversion/include/subversion-1 -I/usr/include/apr-1 -I/usr/include/apr-1.0  -L/usr/local/opt/subversion/lib  conftest.c  -lcurl -lsvn_delta-1 -lsvn_subr-1 -lapr-1  >&5
configure:20510: $? = 0
configure:20519: result: yes
configure:20538: checking for joinable pthread attribute
configure:20553: gcc -o conftest -g1 -O0 -Wno-unused-local-typedefs  -I/usr/local/opt/subversion/include/subversion-1 -I/usr/include/apr-1 -I/usr/include/apr-1.0  -L/usr/local/opt/subversion/lib  conftest.c  -lcurl -lsvn_delta-1 -lsvn_subr-1 -lapr-1  >&5
configure:20553: $? = 0
configure:20559: result: PTHREAD_CREATE_JOINABLE
configure:20569: checking if more special flags are required for pthreads
configure:20576: result: -D_THREAD_SAFE
configure:20665: checking whether to check for GCC pthread/shared inconsistencies
configure:20678: gcc -o conftest -shared -fPIC -Wl,-z,defs -g1 -O0 -Wno-unused-local-typedefs -D_THREAD_SAFE  -I/usr/local/opt/subversion/include/subversion-1 -I/usr/include/apr-1 -I/usr/include/apr-1.0  -L/usr/local/opt/subversion/lib  conftest.c  -lcurl -lsvn_delta-1 -lsvn_subr-1 -lapr-1  >&5
ld: unknown option: -z
collect2: error: ld returned 1 exit status
configure:20678: $? = 1
configure: failed program was:
| /* confdefs.h */
| #define PACKAGE_NAME "libprocess"
| #define PACKAGE_TARNAME "libprocess"
| #define PACKAGE_VERSION "0.0.1"
| #define PACKAGE_STRING "libprocess 0.0.1"
| #define PACKAGE_BUGREPORT ""
| #define PACKAGE_URL ""
| #define PACKAGE "libprocess"
| #define VERSION "0.0.1"
| #define STDC_HEADERS 1
| #define HAVE_SYS_TYPES_H 1
| #define HAVE_SYS_STAT_H 1
| #define HAVE_STDLIB_H 1
| #define HAVE_STRING_H 1
| #define HAVE_MEMORY_H 1
| #define HAVE_STRINGS_H 1
| #define HAVE_INTTYPES_H 1
| #define HAVE_STDINT_H 1
| #define HAVE_UNISTD_H 1
| #define HAVE_DLFCN_H 1
| #define LT_OBJDIR ".libs/"
| #define HAVE_APR_POOLS_H 1
| #define HAVE_LIBAPR_1 1
| #define HAVE_SVN_VERSION_H 1
| #define HAVE_LIBSVN_SUBR_1 1
| #define HAVE_SVN_DELTA_H 1
| #define HAVE_LIBSVN_DELTA_1 1
| #define HAVE_LIBCURL 1
| /* end confdefs.h.  */
| 
| int
| main ()
| {
| 
|   ;
|   return 0;
| }
configure:20687: result: no
configure:20848: checking for deflate, gzread, gzwrite, inflate in -lz
configure:20873: g++ -o conftest -g1 -O0 -Wno-unused-local-typedefs -std=c++11 -DGTEST_USE_OWN_TR1_TUPLE=1 -I/usr/local/opt/subversion/include/subversion-1 -I/usr/include/apr-1 -I/usr/include/apr-1.0  -L/usr/local/opt/subversion/lib  conftest.cpp -lz  -lcurl -lsvn_delta-1 -lsvn_subr-1 -lapr-1  >&5
configure:20873: $? = 0
configure:20882: result: yes
configure:20904: checking for dlopen in -ldl
configure:20929: g++ -o conftest -g1 -O0 -Wno-unused-local-typedefs -std=c++11 -DGTEST_USE_OWN_TR1_TUPLE=1 -I/usr/local/opt/subversion/include/subversion-1 -I/usr/include/apr-1 -I/usr/include/apr-1.0  -L/usr/local/opt/subversion/lib  conftest.cpp -ldl  -lz -lcurl -lsvn_delta-1 -lsvn_subr-1 -lapr-1  >&5
configure:20929: $? = 0
configure:20938: result: yes
configure:21102: checking that generated files are newer than configure
configure:21108: result: done
configure:21195: creating ./config.status

## ---------------------- ##
## Running config.status. ##
## ---------------------- ##

This file was extended by libprocess config.status 0.0.1, which was
generated by GNU Autoconf 2.69.  Invocation command line was

  CONFIG_FILES    = 
  CONFIG_HEADERS  = 
  CONFIG_LINKS    = 
  CONFIG_COMMANDS = 
  $ ./config.status 

on brickfruit.corp.microsoft.com

config.status:1114: creating Makefile
config.status:1114: creating include/Makefile
config.status:1114: creating 3rdparty/Makefile
config.status:1114: creating 3rdparty/gmock_sources.cc
config.status:1271: executing depfiles commands
config.status:1271: executing libtool commands
configure:23486: === configuring in 3rdparty/stout (/Users/alex/src/mesos/build/3rdparty/libprocess/3rdparty/stout)
configure:23549: running /bin/sh ../../../../../3rdparty/libprocess/3rdparty/stout/configure --disable-option-checking '--prefix=/usr/local'  '--disable-python' '--enable-shared=no' '--with-pic' --cache-file=/dev/null --srcdir=../../../../../3rdparty/libprocess/3rdparty/stout

## ---------------- ##
## Cache variables. ##
## ---------------- ##

ac_cv_build=x86_64-apple-darwin14.1.0
ac_cv_c_compiler_gnu=yes
ac_cv_cxx_compiler_gnu=yes
ac_cv_env_CCC_set=
ac_cv_env_CCC_value=
ac_cv_env_CC_set=
ac_cv_env_CC_value=
ac_cv_env_CFLAGS_set=
ac_cv_env_CFLAGS_value=
ac_cv_env_CPPFLAGS_set=
ac_cv_env_CPPFLAGS_value=
ac_cv_env_CPP_set=
ac_cv_env_CPP_value=
ac_cv_env_CXXCPP_set=
ac_cv_env_CXXCPP_value=
ac_cv_env_CXXFLAGS_set=
ac_cv_env_CXXFLAGS_value=
ac_cv_env_CXX_set=
ac_cv_env_CXX_value=
ac_cv_env_LDFLAGS_set=
ac_cv_env_LDFLAGS_value=
ac_cv_env_LIBS_set=
ac_cv_env_LIBS_value=
ac_cv_env_LT_SYS_LIBRARY_PATH_set=
ac_cv_env_LT_SYS_LIBRARY_PATH_value=
ac_cv_env_PROTOBUF_JAR_set=
ac_cv_env_PROTOBUF_JAR_value=
ac_cv_env_build_alias_set=
ac_cv_env_build_alias_value=
ac_cv_env_host_alias_set=
ac_cv_env_host_alias_value=
ac_cv_env_target_alias_set=
ac_cv_env_target_alias_value=
ac_cv_header_apr_pools_h=yes
ac_cv_header_dlfcn_h=yes
ac_cv_header_inttypes_h=yes
ac_cv_header_memory_h=yes
ac_cv_header_stdc=yes
ac_cv_header_stdint_h=yes
ac_cv_header_stdlib_h=yes
ac_cv_header_string_h=yes
ac_cv_header_strings_h=yes
ac_cv_header_svn_delta_h=yes
ac_cv_header_svn_version_h=yes
ac_cv_header_sys_stat_h=yes
ac_cv_header_sys_types_h=yes
ac_cv_header_unistd_h=yes
ac_cv_host=x86_64-apple-darwin14.1.0
ac_cv_lib_apr_1_apr_initialize=yes
ac_cv_lib_curl_curl_global_init=yes
ac_cv_lib_dl_dlopen=yes
ac_cv_lib_svn_delta_1_svn_txdelta=yes
ac_cv_lib_svn_subr_1_svn_stringbuf_create_ensure=yes
ac_cv_lib_z_deflate__gzread__gzwrite__inflate=yes
ac_cv_objext=o
ac_cv_path_EGREP='/usr/bin/grep -E'
ac_cv_path_FGREP='/usr/bin/grep -F'
ac_cv_path_GREP=/usr/bin/grep
ac_cv_path_SED=/usr/bin/sed
ac_cv_path_install='/usr/bin/install -c'
ac_cv_path_lt_DD=/bin/dd
ac_cv_prog_AWK=awk
ac_cv_prog_CPP='gcc -E'
ac_cv_prog_CXXCPP='g++ -E'
ac_cv_prog_ac_ct_AR=ar
ac_cv_prog_ac_ct_CC=gcc
ac_cv_prog_ac_ct_CXX=g++
ac_cv_prog_ac_ct_DSYMUTIL=dsymutil
ac_cv_prog_ac_ct_LIPO=lipo
ac_cv_prog_ac_ct_NMEDIT=nmedit
ac_cv_prog_ac_ct_OTOOL=otool
ac_cv_prog_ac_ct_RANLIB=ranlib
ac_cv_prog_ac_ct_STRIP=strip
ac_cv_prog_cc_c89=
ac_cv_prog_cc_g=yes
ac_cv_prog_cxx_g=yes
ac_cv_prog_make_make_set=yes
ac_cv_target=x86_64-apple-darwin14.1.0
am_cv_CC_dependencies_compiler_type=gcc3
am_cv_CXX_dependencies_compiler_type=gcc3
am_cv_ar_interface=ar
am_cv_make_support_nested_variables=yes
am_cv_prog_cc_c_o=yes
ax_cv_cxx_compile_cxx11=no
ax_cv_cxx_compile_cxx11__std_cpp11=yes
lt_cv_apple_cc_single_mod=yes
lt_cv_ar_at_file=no
lt_cv_deplibs_check_method=pass_all
lt_cv_file_magic_cmd='$MAGIC_CMD'
lt_cv_file_magic_test_file=
lt_cv_ld_exported_symbols_list=yes
lt_cv_ld_force_load=yes
lt_cv_ld_reload_flag=-r
lt_cv_nm_interface='BSD nm'
lt_cv_objdir=.libs
lt_cv_path_LD=/usr/bin/ld
lt_cv_path_LDCXX=/usr/bin/ld
lt_cv_path_NM=/usr/bin/nm
lt_cv_path_mainfest_tool=no
lt_cv_prog_compiler_c_o=yes
lt_cv_prog_compiler_c_o_CXX=yes
lt_cv_prog_compiler_pic='-fno-common -DPIC'
lt_cv_prog_compiler_pic_CXX='-fno-common -DPIC'
lt_cv_prog_compiler_pic_works=yes
lt_cv_prog_compiler_pic_works_CXX=yes
lt_cv_prog_compiler_rtti_exceptions=no
lt_cv_prog_compiler_static_works=no
lt_cv_prog_compiler_static_works_CXX=no
lt_cv_prog_gnu_ld=no
lt_cv_prog_gnu_ldcxx=no
lt_cv_sharedlib_from_linklib_cmd='printf %s\n'
lt_cv_sys_global_symbol_pipe='sed -n -e '\''s/^.*[	 ]\([BCDEGRST][BCDEGRST]*\)[	 ][	 ]*_\([_A-Za-z][_A-Za-z0-9]*\)$/\1 _\2 \2/p'\'' | sed '\''/ __gnu_lto/d'\'''
lt_cv_sys_global_symbol_to_c_name_address='sed -n -e '\''s/^: \(.*\) .*$/  {"\1", (void *) 0},/p'\'' -e '\''s/^[BCDEGRST][BCDEGRST]* .* \(.*\)$/  {"\1", (void *) \&\1},/p'\'''
lt_cv_sys_global_symbol_to_c_name_address_lib_prefix='sed -n -e '\''s/^: \(.*\) .*$/  {"\1", (void *) 0},/p'\'' -e '\''s/^[BCDEGRST][BCDEGRST]* .* \(lib.*\)$/  {"\1", (void *) \&\1},/p'\'' -e '\''s/^[BCDEGRST][BCDEGRST]* .* \(.*\)$/  {"lib\1", (void *) \&\1},/p'\'''
lt_cv_sys_global_symbol_to_cdecl='sed -n -e '\''s/^T .* \(.*\)$/extern int \1();/p'\'' -e '\''s/^[BCDEGRST][BCDEGRST]* .* \(.*\)$/extern char \1;/p'\'''
lt_cv_sys_global_symbol_to_import=
lt_cv_sys_max_cmd_len=196608
lt_cv_to_host_file_cmd=func_convert_file_noop
lt_cv_to_tool_file_cmd=func_convert_file_noop
lt_cv_truncate_bin='/bin/dd bs=4096 count=1'

## ----------------- ##
## Output variables. ##
## ----------------- ##

ACLOCAL='${SHELL} /Users/alex/src/mesos/3rdparty/libprocess/missing aclocal-1.15'
AMDEPBACKSLASH='\'
AMDEP_FALSE='#'
AMDEP_TRUE=''
AMTAR='$${TAR-tar}'
AM_BACKSLASH='\'
AM_DEFAULT_V='$(AM_DEFAULT_VERBOSITY)'
AM_DEFAULT_VERBOSITY='1'
AM_V='$(V)'
AR='ar'
AUTOCONF='${SHELL} /Users/alex/src/mesos/3rdparty/libprocess/missing autoconf'
AUTOHEADER='${SHELL} /Users/alex/src/mesos/3rdparty/libprocess/missing autoheader'
AUTOMAKE='${SHELL} /Users/alex/src/mesos/3rdparty/libprocess/missing automake-1.15'
AWK='awk'
CC='gcc'
CCDEPMODE='depmode=gcc3'
CFLAGS='-g1 -O0 -Wno-unused-local-typedefs'
CLANG='no'
CONFIGURE_ARGS=' '\''--disable-option-checking'\'' '\''--prefix=/usr/local'\'' '\''--disable-python'\'' '\''--enable-shared=no'\'' '\''--with-pic'\'' '\''--cache-file=/dev/null'\'' '\''--srcdir=../../../3rdparty/libprocess'\'' CXXFLAGS='\''-g1 -O0 -Wno-unused-local-typedefs -std=c++11 -DGTEST_USE_OWN_TR1_TUPLE=1'\'''
CPP='gcc -E'
CPPFLAGS='-I/usr/local/opt/subversion/include/subversion-1 -I/usr/include/apr-1 -I/usr/include/apr-1.0 '
CXX='g++'
CXXCPP='g++ -E'
CXXDEPMODE='depmode=gcc3'
CXXFLAGS='-g1 -O0 -Wno-unused-local-typedefs -std=c++11 -DGTEST_USE_OWN_TR1_TUPLE=1'
CYGPATH_W='echo'
DEBUG_FALSE=''
DEBUG_TRUE='#'
DEFS='-DPACKAGE_NAME=\"libprocess\" -DPACKAGE_TARNAME=\"libprocess\" -DPACKAGE_VERSION=\"0.0.1\" -DPACKAGE_STRING=\"libprocess\ 0.0.1\" -DPACKAGE_BUGREPORT=\"\" -DPACKAGE_URL=\"\" -DPACKAGE=\"libprocess\" -DVERSION=\"0.0.1\" -DSTDC_HEADERS=1 -DHAVE_SYS_TYPES_H=1 -DHAVE_SYS_STAT_H=1 -DHAVE_STDLIB_H=1 -DHAVE_STRING_H=1 -DHAVE_MEMORY_H=1 -DHAVE_STRINGS_H=1 -DHAVE_INTTYPES_H=1 -DHAVE_STDINT_H=1 -DHAVE_UNISTD_H=1 -DHAVE_DLFCN_H=1 -DLT_OBJDIR=\".libs/\" -DHAVE_APR_POOLS_H=1 -DHAVE_LIBAPR_1=1 -DHAVE_SVN_VERSION_H=1 -DHAVE_LIBSVN_SUBR_1=1 -DHAVE_SVN_DELTA_H=1 -DHAVE_LIBSVN_DELTA_1=1 -DHAVE_LIBCURL=1 -DHAVE_PTHREAD=1 -DHAVE_LIBZ=1 -DHAVE_LIBDL=1'
DEPDIR='.deps'
DLLTOOL='false'
DSYMUTIL='dsymutil'
DUMPBIN=''
ECHO_C='\c'
ECHO_N=''
ECHO_T=''
EGREP='/usr/bin/grep -E'
ENABLE_LIBEVENT_FALSE=''
ENABLE_LIBEVENT_TRUE='#'
EXEEXT=''
FGREP='/usr/bin/grep -F'
GMOCKSRC='gmock-all.cc'
GREP='/usr/bin/grep'
GTESTSRC='gtest-all.cc'
HAS_GPERFTOOLS_FALSE=''
HAS_GPERFTOOLS_TRUE='#'
HAVE_CXX11=''
INSTALL_DATA='${INSTALL} -m 644'
INSTALL_PROGRAM='${INSTALL}'
INSTALL_SCRIPT='${INSTALL}'
INSTALL_STRIP_PROGRAM='$(install_sh) -c -s'
LD='/usr/bin/ld'
LDFLAGS='-L/usr/local/opt/subversion/lib '
LIBOBJS=''
LIBS='-ldl -lz -lcurl -lsvn_delta-1 -lsvn_subr-1 -lapr-1 '
LIBTOOL='$(SHELL) $(top_builddir)/libtool'
LINKGTEST_FALSE=''
LINKGTEST_TRUE='#'
LIPO='lipo'
LN_S='ln -s'
LTLIBOBJS=''
LT_SYS_LIBRARY_PATH=''
MAKEINFO='${SHELL} /Users/alex/src/mesos/3rdparty/libprocess/missing makeinfo'
MANIFEST_TOOL=':'
MKDIR_P='../../../3rdparty/libprocess/install-sh -c -d'
NM='/usr/bin/nm'
NMEDIT='nmedit'
OBJDUMP='false'
OBJEXT='o'
OPTIMIZE_FALSE=''
OPTIMIZE_TRUE='#'
OS_LINUX_FALSE=''
OS_LINUX_TRUE='#'
OTOOL64=':'
OTOOL='otool'
PACKAGE='libprocess'
PACKAGE_BUGREPORT=''
PACKAGE_NAME='libprocess'
PACKAGE_STRING='libprocess 0.0.1'
PACKAGE_TARNAME='libprocess'
PACKAGE_URL=''
PACKAGE_VERSION='0.0.1'
PATH_SEPARATOR=':'
PROTOBUF_JAR='${MESOS_BUILD_DIR}/src/java/target/protobuf-java-2.5.0.jar'
PROTOCOMPILER_TEST=''
PTHREAD_CC='gcc'
PTHREAD_CFLAGS='-D_THREAD_SAFE '
PTHREAD_LIBS=''
RANLIB='ranlib'
SED='/usr/bin/sed'
SET_MAKE=''
SHELL='/bin/sh'
STRIP='strip'
VERSION='0.0.1'
WITH_BUNDLED_BOOST_FALSE='#'
WITH_BUNDLED_BOOST_TRUE=''
WITH_BUNDLED_GLOG_FALSE='#'
WITH_BUNDLED_GLOG_TRUE=''
WITH_BUNDLED_GMOCK_FALSE='#'
WITH_BUNDLED_GMOCK_TRUE=''
WITH_BUNDLED_HTTP_PARSER_FALSE='#'
WITH_BUNDLED_HTTP_PARSER_TRUE=''
WITH_BUNDLED_LIBEV_FALSE='#'
WITH_BUNDLED_LIBEV_TRUE=''
WITH_BUNDLED_PICOJSON_FALSE='#'
WITH_BUNDLED_PICOJSON_TRUE=''
WITH_BUNDLED_PROTOBUF_FALSE='#'
WITH_BUNDLED_PROTOBUF_TRUE=''
ac_ct_AR='ar'
ac_ct_CC='gcc'
ac_ct_CXX='g++'
ac_ct_DUMPBIN=''
acx_pthread_config=''
am__EXEEXT_FALSE=''
am__EXEEXT_TRUE='#'
am__fastdepCC_FALSE='#'
am__fastdepCC_TRUE=''
am__fastdepCXX_FALSE='#'
am__fastdepCXX_TRUE=''
am__include='include'
am__isrc=' -I$(srcdir)'
am__leading_dot='.'
am__nodep='_no'
am__quote=''
am__tar='$${TAR-tar} chof - "$$tardir"'
am__untar='$${TAR-tar} xf -'
bindir='${exec_prefix}/bin'
build='x86_64-apple-darwin14.1.0'
build_alias=''
build_cpu='x86_64'
build_os='darwin14.1.0'
build_vendor='apple'
datadir='${datarootdir}'
datarootdir='${prefix}/share'
docdir='${datarootdir}/doc/${PACKAGE_TARNAME}'
dvidir='${docdir}'
exec_prefix='${prefix}'
host='x86_64-apple-darwin14.1.0'
host_alias=''
host_cpu='x86_64'
host_os='darwin14.1.0'
host_vendor='apple'
htmldir='${docdir}'
includedir='${prefix}/include'
infodir='${datarootdir}/info'
install_sh='${SHELL} /Users/alex/src/mesos/3rdparty/libprocess/install-sh'
libdir='${exec_prefix}/lib'
libexecdir='${exec_prefix}/libexec'
localedir='${datarootdir}/locale'
localstatedir='${prefix}/var'
mandir='${datarootdir}/man'
mkdir_p='$(MKDIR_P)'
oldincludedir='/usr/include'
pdfdir='${docdir}'
prefix='/usr/local'
program_transform_name='s,x,x,'
psdir='${docdir}'
sbindir='${exec_prefix}/sbin'
sharedstatedir='${prefix}/com'
subdirs=' 3rdparty/stout'
sysconfdir='${prefix}/etc'
target='x86_64-apple-darwin14.1.0'
target_alias=''
target_cpu='x86_64'
target_os='darwin14.1.0'
target_vendor='apple'

## ----------- ##
## confdefs.h. ##
## ----------- ##

/* confdefs.h */
#define PACKAGE_NAME "libprocess"
#define PACKAGE_TARNAME "libprocess"
#define PACKAGE_VERSION "0.0.1"
#define PACKAGE_STRING "libprocess 0.0.1"
#define PACKAGE_BUGREPORT ""
#define PACKAGE_URL ""
#define PACKAGE "libprocess"
#define VERSION "0.0.1"
#define STDC_HEADERS 1
#define HAVE_SYS_TYPES_H 1
#define HAVE_SYS_STAT_H 1
#define HAVE_STDLIB_H 1
#define HAVE_STRING_H 1
#define HAVE_MEMORY_H 1
#define HAVE_STRINGS_H 1
#define HAVE_INTTYPES_H 1
#define HAVE_STDINT_H 1
#define HAVE_UNISTD_H 1
#define HAVE_DLFCN_H 1
#define LT_OBJDIR ".libs/"
#define HAVE_APR_POOLS_H 1
#define HAVE_LIBAPR_1 1
#define HAVE_SVN_VERSION_H 1
#define HAVE_LIBSVN_SUBR_1 1
#define HAVE_SVN_DELTA_H 1
#define HAVE_LIBSVN_DELTA_1 1
#define HAVE_LIBCURL 1
#define HAVE_PTHREAD 1
#define HAVE_LIBZ 1
#define HAVE_LIBDL 1

configure: exit 0
